{"meta": {"format": 3, "version": "7.6.10", "timestamp": "2026-03-20T10:46:38.132922", "branch_coverage": true, "show_contexts": false}, "files": {"roc/action.py": {"executed_lines": [41, 42, 43, 46, 48, 49, 51, 52, 53, 58, 60, 62, 70, 71, 72, 73, 74, 75, 76, 77, 78, 82, 83, 105], "summary": {"covered_lines": 24, "num_statements": 56, "percent_covered": 45.0, "percent_covered_display": "45", "missing_lines": 32, "excluded_lines": 0, "num_branches": 4, "num_partial_branches": 1, "covered_branches": 3, "missing_branches": 1}, "missing_lines": [3, 4, 5, 6, 8, 10, 11, 12, 13, 16, 17, 21, 24, 27, 28, 31, 34, 35, 36, 38, 40, 55, 68, 80, 86, 89, 91, 92, 94, 98, 101, 103], "excluded_lines": [], "executed_branches": [[70, 71], [72, 73], [72, 74]], "missing_branches": [[70, -68]], "functions": {"Action.__init__": {"executed_lines": [41, 42, 43, 46, 48, 49, 51, 52, 53], "summary": {"covered_lines": 9, "num_statements": 9, "percent_covered": 100.0, "percent_covered_display": "100", "missing_lines": 0, "excluded_lines": 0, "num_branches": 0, "num_partial_branches": 0, "covered_branches": 0, "missing_branches": 0}, "missing_lines": [], "excluded_lines": [], "executed_branches": [], "missing_branches": []}, "Action.event_filter": {"executed_lines": [58, 60, 62], "summary": {"covered_lines": 3, "num_statements": 3, "percent_covered": 100.0, "percent_covered_display": "100", "missing_lines": 0, "excluded_lines": 0, "num_branches": 0, "num_partial_branches": 0, "covered_branches": 0, "missing_branches": 0}, "missing_lines": [], "excluded_lines": [], "executed_branches": [], "missing_branches": []}, "Action.handle_action_bus": {"executed_lines": [70, 71, 72, 73, 74, 75, 76, 77, 78], "summary": {"covered_lines": 9, "num_statements": 9, "percent_covered": 92.3076923076923, "percent_covered_display": "92", "missing_lines": 0, "excluded_lines": 0, "num_branches": 4, "num_partial_branches": 1, "covered_branches": 3, "missing_branches": 1}, "missing_lines": [], "excluded_lines": [], "executed_branches": [[70, 71], [72, 73], [72, 74]], "missing_branches": [[70, -68]]}, "Action.handle_predict": {"executed_lines": [82, 83], "summary": {"covered_lines": 2, "num_statements": 2, "percent_covered": 100.0, "percent_covered_display": "100", "missing_lines": 0, "excluded_lines": 0, "num_branches": 0, "num_partial_branches": 0, "covered_branches": 0, "missing_branches": 0}, "missing_lines": [], "excluded_lines": [], "executed_branches": [], "missing_branches": []}, "DefaultActionExpMod.get_action": {"executed_lines": [], "summary": {"covered_lines": 0, "num_statements": 1, "percent_covered": 0.0, "percent_covered_display": "0", "missing_lines": 1, "excluded_lines": 0, "num_branches": 0, "num_partial_branches": 0, "covered_branches": 0, "missing_branches": 0}, "missing_lines": [94], "excluded_lines": [], "executed_branches": [], "missing_branches": []}, "DefaultActionPass.get_action": {"executed_lines": [105], "summary": {"covered_lines": 1, "num_statements": 1, "percent_covered": 100.0, "percent_covered_display": "100", "missing_lines": 0, "excluded_lines": 0, "num_branches": 0, "num_partial_branches": 0, "covered_branches": 0, "missing_branches": 0}, "missing_lines": [], "excluded_lines": [], "executed_branches": [], "missing_branches": []}, "": {"executed_lines": [], "summary": {"covered_lines": 0, "num_statements": 31, "percent_covered": 0.0, "percent_covered_display": "0", "missing_lines": 31, "excluded_lines": 0, "num_branches": 0, "num_partial_branches": 0, "covered_branches": 0, "missing_branches": 0}, "missing_lines": [3, 4, 5, 6, 8, 10, 11, 12, 13, 16, 17, 21, 24, 27, 28, 31, 34, 35, 36, 38, 40, 55, 68, 80, 86, 89, 91, 92, 98, 101, 103], "excluded_lines": [], "executed_branches": [], "missing_branches": []}}, "classes": {"ActionRequest": {"executed_lines": [], "summary": {"covered_lines": 0, "num_statements": 0, "percent_covered": 100.0, "percent_covered_display": "100", "missing_lines": 0, "excluded_lines": 0, "num_branches": 0, "num_partial_branches": 0, "covered_branches": 0, "missing_branches": 0}, "missing_lines": [], "excluded_lines": [], "executed_branches": [], "missing_branches": []}, "TakeAction": {"executed_lines": [], "summary": {"covered_lines": 0, "num_statements": 0, "percent_covered": 100.0, "percent_covered_display": "100", "missing_lines": 0, "excluded_lines": 0, "num_branches": 0, "num_partial_branches": 0, "covered_branches": 0, "missing_branches": 0}, "missing_lines": [], "excluded_lines": [], "executed_branches": [], "missing_branches": []}, "Action": {"executed_lines": [41, 42, 43, 46, 48, 49, 51, 52, 53, 58, 60, 62, 70, 71, 72, 73, 74, 75, 76, 77, 78, 82, 83], "summary": {"covered_lines": 23, "num_statements": 23, "percent_covered": 96.29629629629629, "percent_covered_display": "96", "missing_lines": 0, "excluded_lines": 0, "num_branches": 4, "num_partial_branches": 1, "covered_branches": 3, "missing_branches": 1}, "missing_lines": [], "excluded_lines": [], "executed_branches": [[70, 71], [72, 73], [72, 74]], "missing_branches": [[70, -68]]}, "DefaultActionExpMod": {"executed_lines": [], "summary": {"covered_lines": 0, "num_statements": 1, "percent_covered": 0.0, "percent_covered_display": "0", "missing_lines": 1, "excluded_lines": 0, "num_branches": 0, "num_partial_branches": 0, "covered_branches": 0, "missing_branches": 0}, "missing_lines": [94], "excluded_lines": [], "executed_branches": [], "missing_branches": []}, "DefaultActionPass": {"executed_lines": [105], "summary": {"covered_lines": 1, "num_statements": 1, "percent_covered": 100.0, "percent_covered_display": "100", "missing_lines": 0, "excluded_lines": 0, "num_branches": 0, "num_partial_branches": 0, "covered_branches": 0, "missing_branches": 0}, "missing_lines": [], "excluded_lines": [], "executed_branches": [], "missing_branches": []}, "": {"executed_lines": [], "summary": {"covered_lines": 0, "num_statements": 31, "percent_covered": 0.0, "percent_covered_display": "0", "missing_lines": 31, "excluded_lines": 0, "num_branches": 0, "num_partial_branches": 0, "covered_branches": 0, "missing_branches": 0}, "missing_lines": [3, 4, 5, 6, 8, 10, 11, 12, 13, 16, 17, 21, 24, 27, 28, 31, 34, 35, 36, 38, 40, 55, 68, 80, 86, 89, 91, 92, 98, 101, 103], "excluded_lines": [], "executed_branches": [], "missing_branches": []}}}, "roc/attention.py": {"executed_lines": [83, 84, 85, 86, 87, 88, 89, 91, 98, 99, 100, 103, 106, 107, 108, 109, 111, 119, 121, 124, 125, 126, 127, 131, 132, 145, 146, 150, 151, 152, 153, 154, 155, 157, 161, 163, 165, 172, 173, 174, 175, 176, 177, 179, 180, 182, 186, 189, 190, 191, 192, 193, 194, 195, 198, 199, 203, 206, 209, 217, 219, 220, 221, 222, 225, 226, 227, 228, 231, 232, 235, 236, 239, 240, 241, 244, 258, 261, 263, 268, 269, 270, 275, 276, 285, 286, 288, 289, 290, 292, 295, 296, 297, 298, 301, 302, 303, 312, 325, 327, 332, 340, 354, 356, 360, 361, 373, 374, 375, 376, 377, 378, 387, 388, 392, 397, 403, 404, 405, 406, 409, 414, 415, 417, 418, 419, 420, 421, 422, 425, 426, 429, 430, 434, 435, 441], "summary": {"covered_lines": 136, "num_statements": 226, "percent_covered": 64.33566433566433, "percent_covered_display": "64", "missing_lines": 90, "excluded_lines": 0, "num_branches": 60, "num_partial_branches": 8, "covered_branches": 48, "missing_branches": 12}, "missing_lines": [5, 7, 8, 9, 10, 12, 13, 14, 15, 16, 17, 19, 20, 21, 22, 23, 31, 32, 35, 38, 39, 40, 41, 44, 45, 48, 49, 51, 52, 53, 55, 56, 57, 58, 60, 63, 64, 67, 70, 73, 80, 82, 93, 94, 96, 104, 113, 115, 116, 118, 120, 123, 129, 134, 135, 137, 138, 139, 141, 143, 148, 159, 184, 201, 207, 277, 328, 331, 333, 334, 335, 336, 337, 338, 339, 364, 367, 368, 369, 370, 372, 385, 390, 399, 400, 432, 447, 450, 451, 452], "excluded_lines": [], "executed_branches": [[87, 88], [87, 89], [103, 106], [106, 107], [106, 111], [119, 121], [125, 126], [125, 127], [131, -129], [131, 132], [151, 152], [151, 157], [152, 151], [152, 153], [154, 152], [154, 155], [172, 173], [172, 174], [174, 175], [174, 176], [176, -165], [176, 177], [179, 180], [179, 182], [189, 190], [189, 198], [191, 189], [191, 192], [193, 194], [193, 195], [206, 209], [268, 269], [276, 285], [296, 297], [302, 303], [302, 312], [327, 332], [332, 340], [403, 404], [403, 409], [409, 414], [409, 425], [417, 418], [417, 421], [418, 417], [418, 419], [429, -399], [429, 430]], "missing_branches": [[55, 56], [55, 60], [103, 104], [119, 120], [138, 139], [138, 141], [206, 207], [268, 275], [276, 277], [296, 301], [327, 328], [332, 333]], "functions": {"VisionAttentionData.__str__": {"executed_lines": [], "summary": {"covered_lines": 0, "num_statements": 7, "percent_covered": 0.0, "percent_covered_display": "0", "missing_lines": 7, "excluded_lines": 0, "num_branches": 2, "num_partial_branches": 0, "covered_branches": 0, "missing_branches": 2}, "missing_lines": [52, 53, 55, 56, 57, 58, 60], "excluded_lines": [], "executed_branches": [], "missing_branches": [[55, 56], [55, 60]]}, "SaliencyMap.__new__": {"executed_lines": [83, 84, 85, 86, 87, 88, 89, 91], "summary": {"covered_lines": 8, "num_statements": 8, "percent_covered": 100.0, "percent_covered_display": "100", "missing_lines": 0, "excluded_lines": 0, "num_branches": 2, "num_partial_branches": 0, "covered_branches": 2, "missing_branches": 0}, "missing_lines": [], "excluded_lines": [], "executed_branches": [[87, 88], [87, 89]], "missing_branches": []}, "SaliencyMap.__str__": {"executed_lines": [], "summary": {"covered_lines": 0, "num_statements": 1, "percent_covered": 0.0, "percent_covered_display": "0", "missing_lines": 1, "excluded_lines": 0, "num_branches": 0, "num_partial_branches": 0, "covered_branches": 0, "missing_branches": 0}, "missing_lines": [94], "excluded_lines": [], "executed_branches": [], "missing_branches": []}, "SaliencyMap.to_debug_grid": {"executed_lines": [98, 99, 100, 103, 106, 107, 108, 109, 111], "summary": {"covered_lines": 9, "num_statements": 10, "percent_covered": 85.71428571428571, "percent_covered_display": "86", "missing_lines": 1, "excluded_lines": 0, "num_branches": 4, "num_partial_branches": 1, "covered_branches": 3, "missing_branches": 1}, "missing_lines": [104], "excluded_lines": [], "executed_branches": [[103, 106], [106, 107], [106, 111]], "missing_branches": [[103, 104]]}, "SaliencyMap.to_html_vals": {"executed_lines": [], "summary": {"covered_lines": 0, "num_statements": 2, "percent_covered": 0.0, "percent_covered_display": "0", "missing_lines": 2, "excluded_lines": 0, "num_branches": 0, "num_partial_branches": 0, "covered_branches": 0, "missing_branches": 0}, "missing_lines": [115, 116], "excluded_lines": [], "executed_branches": [], "missing_branches": []}, "SaliencyMap.__array_finalize__": {"executed_lines": [119, 121], "summary": {"covered_lines": 2, "num_statements": 3, "percent_covered": 60.0, "percent_covered_display": "60", "missing_lines": 1, "excluded_lines": 0, "num_branches": 2, "num_partial_branches": 1, "covered_branches": 1, "missing_branches": 1}, "missing_lines": [120], "excluded_lines": [], "executed_branches": [[119, 121]], "missing_branches": [[119, 120]]}, "SaliencyMap.__deepcopy__": {"executed_lines": [124, 125, 126, 127], "summary": {"covered_lines": 4, "num_statements": 4, "percent_covered": 100.0, "percent_covered_display": "100", "missing_lines": 0, "excluded_lines": 0, "num_branches": 2, "num_partial_branches": 0, "covered_branches": 2, "missing_branches": 0}, "missing_lines": [], "excluded_lines": [], "executed_branches": [[125, 126], [125, 127]], "missing_branches": []}, "SaliencyMap.clear": {"executed_lines": [131, 132], "summary": {"covered_lines": 2, "num_statements": 2, "percent_covered": 100.0, "percent_covered_display": "100", "missing_lines": 0, "excluded_lines": 0, "num_branches": 2, "num_partial_branches": 0, "covered_branches": 2, "missing_branches": 0}, "missing_lines": [], "excluded_lines": [], "executed_branches": [[131, -129], [131, 132]], "missing_branches": []}, "SaliencyMap.size": {"executed_lines": [], "summary": {"covered_lines": 0, "num_statements": 4, "percent_covered": 0.0, "percent_covered_display": "0", "missing_lines": 4, "excluded_lines": 0, "num_branches": 2, "num_partial_branches": 0, "covered_branches": 0, "missing_branches": 2}, "missing_lines": [137, 138, 139, 141], "excluded_lines": [], "executed_branches": [], "missing_branches": [[138, 139], [138, 141]]}, "SaliencyMap.add_val": {"executed_lines": [145, 146], "summary": {"covered_lines": 2, "num_statements": 2, "percent_covered": 100.0, "percent_covered_display": "100", "missing_lines": 0, "excluded_lines": 0, "num_branches": 0, "num_partial_branches": 0, "covered_branches": 0, "missing_branches": 0}, "missing_lines": [], "excluded_lines": [], "executed_branches": [], "missing_branches": []}, "SaliencyMap.get_max_strength": {"executed_lines": [150, 151, 152, 153, 154, 155, 157], "summary": {"covered_lines": 7, "num_statements": 7, "percent_covered": 100.0, "percent_covered_display": "100", "missing_lines": 0, "excluded_lines": 0, "num_branches": 6, "num_partial_branches": 0, "covered_branches": 6, "missing_branches": 0}, "missing_lines": [], "excluded_lines": [], "executed_branches": [[151, 152], [151, 157], [152, 151], [152, 153], [154, 152], [154, 155]], "missing_branches": []}, "SaliencyMap.get_strength": {"executed_lines": [161, 163, 165, 179, 180, 182], "summary": {"covered_lines": 6, "num_statements": 6, "percent_covered": 100.0, "percent_covered_display": "100", "missing_lines": 0, "excluded_lines": 0, "num_branches": 2, "num_partial_branches": 0, "covered_branches": 2, "missing_branches": 0}, "missing_lines": [], "excluded_lines": [], "executed_branches": [[179, 180], [179, 182]], "missing_branches": []}, "SaliencyMap.get_strength.add_strength": {"executed_lines": [172, 173, 174, 175, 176, 177], "summary": {"covered_lines": 6, "num_statements": 6, "percent_covered": 100.0, "percent_covered_display": "100", "missing_lines": 0, "excluded_lines": 0, "num_branches": 6, "num_partial_branches": 0, "covered_branches": 6, "missing_branches": 0}, "missing_lines": [], "excluded_lines": [], "executed_branches": [[172, 173], [172, 174], [174, 175], [174, 176], [176, -165], [176, 177]], "missing_branches": []}, "SaliencyMap.feature_report": {"executed_lines": [186, 189, 190, 191, 192, 193, 194, 195, 198, 199], "summary": {"covered_lines": 10, "num_statements": 10, "percent_covered": 100.0, "percent_covered_display": "100", "missing_lines": 0, "excluded_lines": 0, "num_branches": 6, "num_partial_branches": 0, "covered_branches": 6, "missing_branches": 0}, "missing_lines": [], "excluded_lines": [], "executed_branches": [[189, 190], [189, 198], [191, 189], [191, 192], [193, 194], [193, 195]], "missing_branches": []}, "SaliencyMap.get_focus": {"executed_lines": [203, 206, 209, 217, 219, 220, 221, 222, 225, 226, 227, 228, 231, 232, 235, 236, 239, 240, 241, 244, 258, 261, 263, 268, 269, 270, 275, 276, 285, 286, 288, 289, 290, 292, 295, 296, 297, 298, 301, 302, 303, 312, 325, 327, 332, 340, 354, 356, 360, 361], "summary": {"covered_lines": 50, "num_statements": 61, "percent_covered": 77.33333333333333, "percent_covered_display": "77", "missing_lines": 11, "excluded_lines": 0, "num_branches": 14, "num_partial_branches": 6, "covered_branches": 8, "missing_branches": 6}, "missing_lines": [207, 277, 328, 331, 333, 334, 335, 336, 337, 338, 339], "excluded_lines": [], "executed_branches": [[206, 209], [268, 269], [276, 285], [296, 297], [302, 303], [302, 312], [327, 332], [332, 340]], "missing_branches": [[206, 207], [268, 275], [276, 277], [296, 301], [327, 328], [332, 333]]}, "VisionAttention.__init__": {"executed_lines": [373, 374, 375, 376, 377, 378], "summary": {"covered_lines": 6, "num_statements": 6, "percent_covered": 100.0, "percent_covered_display": "100", "missing_lines": 0, "excluded_lines": 0, "num_branches": 0, "num_partial_branches": 0, "covered_branches": 0, "missing_branches": 0}, "missing_lines": [], "excluded_lines": [], "executed_branches": [], "missing_branches": []}, "VisionAttention.shutdown": {"executed_lines": [387, 388], "summary": {"covered_lines": 2, "num_statements": 2, "percent_covered": 100.0, "percent_covered_display": "100", "missing_lines": 0, "excluded_lines": 0, "num_branches": 0, "num_partial_branches": 0, "covered_branches": 0, "missing_branches": 0}, "missing_lines": [], "excluded_lines": [], "executed_branches": [], "missing_branches": []}, "VisionAttention.event_filter": {"executed_lines": [392, 397], "summary": {"covered_lines": 2, "num_statements": 2, "percent_covered": 100.0, "percent_covered_display": "100", "missing_lines": 0, "excluded_lines": 0, "num_branches": 0, "num_partial_branches": 0, "covered_branches": 0, "missing_branches": 0}, "missing_lines": [], "excluded_lines": [], "executed_branches": [], "missing_branches": []}, "VisionAttention.do_attention": {"executed_lines": [403, 404, 405, 406, 409, 414, 415, 417, 418, 419, 420, 421, 422, 425, 426, 429, 430], "summary": {"covered_lines": 17, "num_statements": 17, "percent_covered": 100.0, "percent_covered_display": "100", "missing_lines": 0, "excluded_lines": 0, "num_branches": 10, "num_partial_branches": 0, "covered_branches": 10, "missing_branches": 0}, "missing_lines": [], "excluded_lines": [], "executed_branches": [[403, 404], [403, 409], [409, 414], [409, 425], [417, 418], [417, 421], [418, 417], [418, 419], [429, -399], [429, 430]], "missing_branches": []}, "VisionAttention._all_settled": {"executed_lines": [434, 435, 441], "summary": {"covered_lines": 3, "num_statements": 3, "percent_covered": 100.0, "percent_covered_display": "100", "missing_lines": 0, "excluded_lines": 0, "num_branches": 0, "num_partial_branches": 0, "covered_branches": 0, "missing_branches": 0}, "missing_lines": [], "excluded_lines": [], "executed_branches": [], "missing_branches": []}, "": {"executed_lines": [], "summary": {"covered_lines": 0, "num_statements": 63, "percent_covered": 0.0, "percent_covered_display": "0", "missing_lines": 63, "excluded_lines": 0, "num_branches": 0, "num_partial_branches": 0, "covered_branches": 0, "missing_branches": 0}, "missing_lines": [5, 7, 8, 9, 10, 12, 13, 14, 15, 16, 17, 19, 20, 21, 22, 23, 31, 32, 35, 38, 39, 40, 41, 44, 45, 48, 49, 51, 63, 64, 67, 70, 73, 80, 82, 93, 96, 113, 118, 123, 129, 134, 135, 143, 148, 159, 184, 201, 364, 367, 368, 369, 370, 372, 385, 390, 399, 400, 432, 447, 450, 451, 452], "excluded_lines": [], "executed_branches": [], "missing_branches": []}}, "classes": {"VisionAttentionSchema": {"executed_lines": [], "summary": {"covered_lines": 0, "num_statements": 0, "percent_covered": 100.0, "percent_covered_display": "100", "missing_lines": 0, "excluded_lines": 0, "num_branches": 0, "num_partial_branches": 0, "covered_branches": 0, "missing_branches": 0}, "missing_lines": [], "excluded_lines": [], "executed_branches": [], "missing_branches": []}, "VisionAttentionData": {"executed_lines": [], "summary": {"covered_lines": 0, "num_statements": 7, "percent_covered": 0.0, "percent_covered_display": "0", "missing_lines": 7, "excluded_lines": 0, "num_branches": 2, "num_partial_branches": 0, "covered_branches": 0, "missing_branches": 2}, "missing_lines": [52, 53, 55, 56, 57, 58, 60], "excluded_lines": [], "executed_branches": [], "missing_branches": [[55, 56], [55, 60]]}, "Attention": {"executed_lines": [], "summary": {"covered_lines": 0, "num_statements": 0, "percent_covered": 100.0, "percent_covered_display": "100", "missing_lines": 0, "excluded_lines": 0, "num_branches": 0, "num_partial_branches": 0, "covered_branches": 0, "missing_branches": 0}, "missing_lines": [], "excluded_lines": [], "executed_branches": [], "missing_branches": []}, "SaliencyMap": {"executed_lines": [83, 84, 85, 86, 87, 88, 89, 91, 98, 99, 100, 103, 106, 107, 108, 109, 111, 119, 121, 124, 125, 126, 127, 131, 132, 145, 146, 150, 151, 152, 153, 154, 155, 157, 161, 163, 165, 172, 173, 174, 175, 176, 177, 179, 180, 182, 186, 189, 190, 191, 192, 193, 194, 195, 198, 199, 203, 206, 209, 217, 219, 220, 221, 222, 225, 226, 227, 228, 231, 232, 235, 236, 239, 240, 241, 244, 258, 261, 263, 268, 269, 270, 275, 276, 285, 286, 288, 289, 290, 292, 295, 296, 297, 298, 301, 302, 303, 312, 325, 327, 332, 340, 354, 356, 360, 361], "summary": {"covered_lines": 106, "num_statements": 126, "percent_covered": 82.75862068965517, "percent_covered_display": "83", "missing_lines": 20, "excluded_lines": 0, "num_branches": 48, "num_partial_branches": 8, "covered_branches": 38, "missing_branches": 10}, "missing_lines": [94, 104, 115, 116, 120, 137, 138, 139, 141, 207, 277, 328, 331, 333, 334, 335, 336, 337, 338, 339], "excluded_lines": [], "executed_branches": [[87, 88], [87, 89], [103, 106], [106, 107], [106, 111], [119, 121], [125, 126], [125, 127], [131, -129], [131, 132], [151, 152], [151, 157], [152, 151], [152, 153], [154, 152], [154, 155], [172, 173], [172, 174], [174, 175], [174, 176], [176, -165], [176, 177], [179, 180], [179, 182], [189, 190], [189, 198], [191, 189], [191, 192], [193, 194], [193, 195], [206, 209], [268, 269], [276, 285], [296, 297], [302, 303], [302, 312], [327, 332], [332, 340]], "missing_branches": [[103, 104], [119, 120], [138, 139], [138, 141], [206, 207], [268, 275], [276, 277], [296, 301], [327, 328], [332, 333]]}, "VisionAttention": {"executed_lines": [373, 374, 375, 376, 377, 378, 387, 388, 392, 397, 403, 404, 405, 406, 409, 414, 415, 417, 418, 419, 420, 421, 422, 425, 426, 429, 430, 434, 435, 441], "summary": {"covered_lines": 30, "num_statements": 30, "percent_covered": 100.0, "percent_covered_display": "100", "missing_lines": 0, "excluded_lines": 0, "num_branches": 10, "num_partial_branches": 0, "covered_branches": 10, "missing_branches": 0}, "missing_lines": [], "excluded_lines": [], "executed_branches": [[403, 404], [403, 409], [409, 414], [409, 425], [417, 418], [417, 421], [418, 417], [418, 419], [429, -399], [429, 430]], "missing_branches": []}, "CrossModalAttention": {"executed_lines": [], "summary": {"covered_lines": 0, "num_statements": 0, "percent_covered": 100.0, "percent_covered_display": "100", "missing_lines": 0, "excluded_lines": 0, "num_branches": 0, "num_partial_branches": 0, "covered_branches": 0, "missing_branches": 0}, "missing_lines": [], "excluded_lines": [], "executed_branches": [], "missing_branches": []}, "": {"executed_lines": [], "summary": {"covered_lines": 0, "num_statements": 63, "percent_covered": 0.0, "percent_covered_display": "0", "missing_lines": 63, "excluded_lines": 0, "num_branches": 0, "num_partial_branches": 0, "covered_branches": 0, "missing_branches": 0}, "missing_lines": [5, 7, 8, 9, 10, 12, 13, 14, 15, 16, 17, 19, 20, 21, 22, 23, 31, 32, 35, 38, 39, 40, 41, 44, 45, 48, 49, 51, 63, 64, 67, 70, 73, 80, 82, 93, 96, 113, 118, 123, 129, 134, 135, 143, 148, 159, 184, 201, 364, 367, 368, 369, 370, 372, 385, 390, 399, 400, 432, 447, 450, 451, 452], "excluded_lines": [], "executed_branches": [], "missing_branches": []}}}, "roc/breakpoint.py": {"executed_lines": [33, 34, 35, 40, 45, 50, 51, 52, 53, 57, 58, 60, 62, 63, 72, 105, 106, 108, 109, 111, 112, 116, 129, 130, 132, 138, 143, 148, 152, 162, 163, 165, 166, 167, 169, 186, 187, 189, 190, 192, 193, 195, 208, 209, 213, 216, 217, 218, 219, 220, 221, 223, 224], "summary": {"covered_lines": 53, "num_statements": 88, "percent_covered": 66.37931034482759, "percent_covered_display": "66", "missing_lines": 35, "excluded_lines": 0, "num_branches": 28, "num_partial_branches": 4, "covered_branches": 24, "missing_branches": 4}, "missing_lines": [3, 4, 5, 6, 7, 9, 11, 13, 16, 17, 20, 21, 24, 27, 32, 37, 42, 47, 54, 55, 56, 74, 118, 134, 140, 141, 145, 146, 150, 154, 170, 172, 197, 210, 227], "excluded_lines": [], "executed_branches": [[53, 57], [105, 106], [105, 108], [108, 109], [108, 111], [111, 112], [111, 116], [129, 130], [129, 132], [162, 163], [162, 165], [169, -154], [186, 187], [186, 189], [192, 193], [192, 195], [209, 213], [216, 217], [217, 218], [217, 223], [218, 217], [218, 219], [223, -197], [223, 224]], "missing_branches": [[53, 54], [169, 170], [209, 210], [216, 223]], "functions": {"Breakpoint.__init__": {"executed_lines": [33, 34, 35], "summary": {"covered_lines": 3, "num_statements": 3, "percent_covered": 100.0, "percent_covered_display": "100", "missing_lines": 0, "excluded_lines": 0, "num_branches": 0, "num_partial_branches": 0, "covered_branches": 0, "missing_branches": 0}, "missing_lines": [], "excluded_lines": [], "executed_branches": [], "missing_branches": []}, "Breakpoint.__len__": {"executed_lines": [40], "summary": {"covered_lines": 1, "num_statements": 1, "percent_covered": 100.0, "percent_covered_display": "100", "missing_lines": 0, "excluded_lines": 0, "num_branches": 0, "num_partial_branches": 0, "covered_branches": 0, "missing_branches": 0}, "missing_lines": [], "excluded_lines": [], "executed_branches": [], "missing_branches": []}, "Breakpoint.__contains__": {"executed_lines": [45], "summary": {"covered_lines": 1, "num_statements": 1, "percent_covered": 100.0, "percent_covered_display": "100", "missing_lines": 0, "excluded_lines": 0, "num_branches": 0, "num_partial_branches": 0, "covered_branches": 0, "missing_branches": 0}, "missing_lines": [], "excluded_lines": [], "executed_branches": [], "missing_branches": []}, "Breakpoint.__str__": {"executed_lines": [50, 60, 62, 63, 72], "summary": {"covered_lines": 5, "num_statements": 5, "percent_covered": 100.0, "percent_covered_display": "100", "missing_lines": 0, "excluded_lines": 0, "num_branches": 0, "num_partial_branches": 0, "covered_branches": 0, "missing_branches": 0}, "missing_lines": [], "excluded_lines": [], "executed_branches": [], "missing_branches": []}, "Breakpoint.__str__.mkrow": {"executed_lines": [51, 52, 53, 57, 58], "summary": {"covered_lines": 5, "num_statements": 8, "percent_covered": 60.0, "percent_covered_display": "60", "missing_lines": 3, "excluded_lines": 0, "num_branches": 2, "num_partial_branches": 1, "covered_branches": 1, "missing_branches": 1}, "missing_lines": [54, 55, 56], "excluded_lines": [], "executed_branches": [[53, 57]], "missing_branches": [[53, 54]]}, "Breakpoint.add": {"executed_lines": [105, 106, 108, 109, 111, 112, 116], "summary": {"covered_lines": 7, "num_statements": 7, "percent_covered": 100.0, "percent_covered_display": "100", "missing_lines": 0, "excluded_lines": 0, "num_branches": 6, "num_partial_branches": 0, "covered_branches": 6, "missing_branches": 0}, "missing_lines": [], "excluded_lines": [], "executed_branches": [[105, 106], [105, 108], [108, 109], [108, 111], [111, 112], [111, 116]], "missing_branches": []}, "Breakpoint.remove": {"executed_lines": [129, 130, 132], "summary": {"covered_lines": 3, "num_statements": 3, "percent_covered": 100.0, "percent_covered_display": "100", "missing_lines": 0, "excluded_lines": 0, "num_branches": 2, "num_partial_branches": 0, "covered_branches": 2, "missing_branches": 0}, "missing_lines": [], "excluded_lines": [], "executed_branches": [[129, 130], [129, 132]], "missing_branches": []}, "Breakpoint.clear": {"executed_lines": [138], "summary": {"covered_lines": 1, "num_statements": 1, "percent_covered": 100.0, "percent_covered_display": "100", "missing_lines": 0, "excluded_lines": 0, "num_branches": 0, "num_partial_branches": 0, "covered_branches": 0, "missing_branches": 0}, "missing_lines": [], "excluded_lines": [], "executed_branches": [], "missing_branches": []}, "Breakpoint.count": {"executed_lines": [143], "summary": {"covered_lines": 1, "num_statements": 1, "percent_covered": 100.0, "percent_covered_display": "100", "missing_lines": 0, "excluded_lines": 0, "num_branches": 0, "num_partial_branches": 0, "covered_branches": 0, "missing_branches": 0}, "missing_lines": [], "excluded_lines": [], "executed_branches": [], "missing_branches": []}, "Breakpoint.state": {"executed_lines": [148], "summary": {"covered_lines": 1, "num_statements": 1, "percent_covered": 100.0, "percent_covered_display": "100", "missing_lines": 0, "excluded_lines": 0, "num_branches": 0, "num_partial_branches": 0, "covered_branches": 0, "missing_branches": 0}, "missing_lines": [], "excluded_lines": [], "executed_branches": [], "missing_branches": []}, "Breakpoint.list": {"executed_lines": [152], "summary": {"covered_lines": 1, "num_statements": 1, "percent_covered": 100.0, "percent_covered_display": "100", "missing_lines": 0, "excluded_lines": 0, "num_branches": 0, "num_partial_branches": 0, "covered_branches": 0, "missing_branches": 0}, "missing_lines": [], "excluded_lines": [], "executed_branches": [], "missing_branches": []}, "Breakpoint.resume": {"executed_lines": [162, 163, 165, 166, 167, 169], "summary": {"covered_lines": 6, "num_statements": 7, "percent_covered": 81.81818181818181, "percent_covered_display": "82", "missing_lines": 1, "excluded_lines": 0, "num_branches": 4, "num_partial_branches": 1, "covered_branches": 3, "missing_branches": 1}, "missing_lines": [170], "excluded_lines": [], "executed_branches": [[162, 163], [162, 165], [169, -154]], "missing_branches": [[169, 170]]}, "Breakpoint.do_break": {"executed_lines": [186, 187, 189, 190, 192, 193, 195], "summary": {"covered_lines": 7, "num_statements": 7, "percent_covered": 100.0, "percent_covered_display": "100", "missing_lines": 0, "excluded_lines": 0, "num_branches": 4, "num_partial_branches": 0, "covered_branches": 4, "missing_branches": 0}, "missing_lines": [], "excluded_lines": [], "executed_branches": [[186, 187], [186, 189], [192, 193], [192, 195]], "missing_branches": []}, "Breakpoint.check": {"executed_lines": [208, 209, 213, 216, 217, 218, 219, 220, 221, 223, 224], "summary": {"covered_lines": 11, "num_statements": 12, "percent_covered": 86.36363636363636, "percent_covered_display": "86", "missing_lines": 1, "excluded_lines": 0, "num_branches": 10, "num_partial_branches": 2, "covered_branches": 8, "missing_branches": 2}, "missing_lines": [210], "excluded_lines": [], "executed_branches": [[209, 213], [216, 217], [217, 218], [217, 223], [218, 217], [218, 219], [223, -197], [223, 224]], "missing_branches": [[209, 210], [216, 223]]}, "": {"executed_lines": [], "summary": {"covered_lines": 0, "num_statements": 30, "percent_covered": 0.0, "percent_covered_display": "0", "missing_lines": 30, "excluded_lines": 0, "num_branches": 0, "num_partial_branches": 0, "covered_branches": 0, "missing_branches": 0}, "missing_lines": [3, 4, 5, 6, 7, 9, 11, 13, 16, 17, 20, 21, 24, 27, 32, 37, 42, 47, 74, 118, 134, 140, 141, 145, 146, 150, 154, 172, 197, 227], "excluded_lines": [], "executed_branches": [], "missing_branches": []}}, "classes": {"BreakpointInfo": {"executed_lines": [], "summary": {"covered_lines": 0, "num_statements": 0, "percent_covered": 100.0, "percent_covered_display": "100", "missing_lines": 0, "excluded_lines": 0, "num_branches": 0, "num_partial_branches": 0, "covered_branches": 0, "missing_branches": 0}, "missing_lines": [], "excluded_lines": [], "executed_branches": [], "missing_branches": []}, "Breakpoint": {"executed_lines": [33, 34, 35, 40, 45, 50, 51, 52, 53, 57, 58, 60, 62, 63, 72, 105, 106, 108, 109, 111, 112, 116, 129, 130, 132, 138, 143, 148, 152, 162, 163, 165, 166, 167, 169, 186, 187, 189, 190, 192, 193, 195, 208, 209, 213, 216, 217, 218, 219, 220, 221, 223, 224], "summary": {"covered_lines": 53, "num_statements": 58, "percent_covered": 89.53488372093024, "percent_covered_display": "90", "missing_lines": 5, "excluded_lines": 0, "num_branches": 28, "num_partial_branches": 4, "covered_branches": 24, "missing_branches": 4}, "missing_lines": [54, 55, 56, 170, 210], "excluded_lines": [], "executed_branches": [[53, 57], [105, 106], [105, 108], [108, 109], [108, 111], [111, 112], [111, 116], [129, 130], [129, 132], [162, 163], [162, 165], [169, -154], [186, 187], [186, 189], [192, 193], [192, 195], [209, 213], [216, 217], [217, 218], [217, 223], [218, 217], [218, 219], [223, -197], [223, 224]], "missing_branches": [[53, 54], [169, 170], [209, 210], [216, 223]]}, "": {"executed_lines": [], "summary": {"covered_lines": 0, "num_statements": 30, "percent_covered": 0.0, "percent_covered_display": "0", "missing_lines": 30, "excluded_lines": 0, "num_branches": 0, "num_partial_branches": 0, "covered_branches": 0, "missing_branches": 0}, "missing_lines": [3, 4, 5, 6, 7, 9, 11, 13, 16, 17, 20, 21, 24, 27, 32, 37, 42, 47, 74, 118, 134, 140, 141, 145, 146, 150, 154, 172, 197, 227], "excluded_lines": [], "executed_branches": [], "missing_branches": []}}}, "roc/component.py": {"executed_lines": [37, 49, 50, 51, 52, 53, 54, 58, 65, 66, 67, 69, 70, 72, 73, 75, 77, 78, 79, 83, 87, 92, 107, 108, 112, 113, 114, 127, 133, 135, 136, 137, 138, 143, 150, 151, 152, 153, 157, 158, 159, 160, 182, 183, 197, 207, 217, 218, 225, 226, 227, 228, 230, 233, 234, 244], "summary": {"covered_lines": 56, "num_statements": 105, "percent_covered": 60.150375939849624, "percent_covered_display": "60", "missing_lines": 49, "excluded_lines": 0, "num_branches": 28, "num_partial_branches": 2, "covered_branches": 24, "missing_branches": 4}, "missing_lines": [6, 9, 10, 11, 13, 14, 16, 17, 20, 21, 22, 24, 25, 27, 30, 33, 34, 36, 40, 43, 44, 45, 47, 57, 59, 60, 85, 89, 94, 116, 129, 140, 141, 145, 146, 162, 163, 185, 186, 199, 200, 209, 210, 220, 221, 237, 238, 239, 242], "excluded_lines": [], "executed_branches": [[49, 50], [49, 52], [50, 49], [50, 51], [58, 65], [69, 70], [69, 72], [72, 73], [72, 75], [78, 79], [78, 83], [83, 87], [107, 108], [107, 112], [135, -129], [135, 136], [136, 137], [136, 138], [157, -145], [157, 158], [225, 226], [225, 230], [233, -220], [233, 234]], "missing_branches": [[16, 17], [16, 20], [58, 59], [83, 85]], "functions": {"ComponentId.__str__": {"executed_lines": [37], "summary": {"covered_lines": 1, "num_statements": 1, "percent_covered": 100.0, "percent_covered_display": "100", "missing_lines": 0, "excluded_lines": 0, "num_branches": 0, "num_partial_branches": 0, "covered_branches": 0, "missing_branches": 0}, "missing_lines": [], "excluded_lines": [], "executed_branches": [], "missing_branches": []}, "Component.__init__": {"executed_lines": [49, 50, 51, 52, 53, 54], "summary": {"covered_lines": 6, "num_statements": 6, "percent_covered": 100.0, "percent_covered_display": "100", "missing_lines": 0, "excluded_lines": 0, "num_branches": 4, "num_partial_branches": 0, "covered_branches": 4, "missing_branches": 0}, "missing_lines": [], "excluded_lines": [], "executed_branches": [[49, 50], [49, 52], [50, 49], [50, 51]], "missing_branches": []}, "Component.__init_subclass__": {"executed_lines": [58, 65, 66, 67, 69, 70, 72, 73, 75, 77, 78, 79, 83, 87], "summary": {"covered_lines": 14, "num_statements": 17, "percent_covered": 81.48148148148148, "percent_covered_display": "81", "missing_lines": 3, "excluded_lines": 0, "num_branches": 10, "num_partial_branches": 2, "covered_branches": 8, "missing_branches": 2}, "missing_lines": [59, 60, 85], "excluded_lines": [], "executed_branches": [[58, 65], [69, 70], [69, 72], [72, 73], [72, 75], [78, 79], [78, 83], [83, 87]], "missing_branches": [[58, 59], [83, 85]]}, "Component.__del__": {"executed_lines": [92], "summary": {"covered_lines": 1, "num_statements": 1, "percent_covered": 100.0, "percent_covered_display": "100", "missing_lines": 0, "excluded_lines": 0, "num_branches": 0, "num_partial_branches": 0, "covered_branches": 0, "missing_branches": 0}, "missing_lines": [], "excluded_lines": [], "executed_branches": [], "missing_branches": []}, "Component.connect_bus": {"executed_lines": [107, 108, 112, 113, 114], "summary": {"covered_lines": 5, "num_statements": 5, "percent_covered": 100.0, "percent_covered_display": "100", "missing_lines": 0, "excluded_lines": 0, "num_branches": 2, "num_partial_branches": 0, "covered_branches": 2, "missing_branches": 0}, "missing_lines": [], "excluded_lines": [], "executed_branches": [[107, 108], [107, 112]], "missing_branches": []}, "Component.event_filter": {"executed_lines": [127], "summary": {"covered_lines": 1, "num_statements": 1, "percent_covered": 100.0, "percent_covered_display": "100", "missing_lines": 0, "excluded_lines": 0, "num_branches": 0, "num_partial_branches": 0, "covered_branches": 0, "missing_branches": 0}, "missing_lines": [], "excluded_lines": [], "executed_branches": [], "missing_branches": []}, "Component.shutdown": {"executed_lines": [133, 135, 136, 137, 138], "summary": {"covered_lines": 5, "num_statements": 5, "percent_covered": 100.0, "percent_covered_display": "100", "missing_lines": 0, "excluded_lines": 0, "num_branches": 4, "num_partial_branches": 0, "covered_branches": 4, "missing_branches": 0}, "missing_lines": [], "excluded_lines": [], "executed_branches": [[135, -129], [135, 136], [136, 137], [136, 138]], "missing_branches": []}, "Component.id": {"executed_lines": [143], "summary": {"covered_lines": 1, "num_statements": 1, "percent_covered": 100.0, "percent_covered_display": "100", "missing_lines": 0, "excluded_lines": 0, "num_branches": 0, "num_partial_branches": 0, "covered_branches": 0, "missing_branches": 0}, "missing_lines": [], "excluded_lines": [], "executed_branches": [], "missing_branches": []}, "Component.init": {"executed_lines": [150, 151, 152, 153, 157, 158, 159, 160], "summary": {"covered_lines": 8, "num_statements": 8, "percent_covered": 100.0, "percent_covered_display": "100", "missing_lines": 0, "excluded_lines": 0, "num_branches": 2, "num_partial_branches": 0, "covered_branches": 2, "missing_branches": 0}, "missing_lines": [], "excluded_lines": [], "executed_branches": [[157, -145], [157, 158]], "missing_branches": []}, "Component.get": {"executed_lines": [182, 183], "summary": {"covered_lines": 2, "num_statements": 2, "percent_covered": 100.0, "percent_covered_display": "100", "missing_lines": 0, "excluded_lines": 0, "num_branches": 0, "num_partial_branches": 0, "covered_branches": 0, "missing_branches": 0}, "missing_lines": [], "excluded_lines": [], "executed_branches": [], "missing_branches": []}, "Component.get_component_count": {"executed_lines": [197], "summary": {"covered_lines": 1, "num_statements": 1, "percent_covered": 100.0, "percent_covered_display": "100", "missing_lines": 0, "excluded_lines": 0, "num_branches": 0, "num_partial_branches": 0, "covered_branches": 0, "missing_branches": 0}, "missing_lines": [], "excluded_lines": [], "executed_branches": [], "missing_branches": []}, "Component.get_loaded_components": {"executed_lines": [207], "summary": {"covered_lines": 1, "num_statements": 1, "percent_covered": 100.0, "percent_covered_display": "100", "missing_lines": 0, "excluded_lines": 0, "num_branches": 0, "num_partial_branches": 0, "covered_branches": 0, "missing_branches": 0}, "missing_lines": [], "excluded_lines": [], "executed_branches": [], "missing_branches": []}, "Component.deregister": {"executed_lines": [217, 218], "summary": {"covered_lines": 2, "num_statements": 2, "percent_covered": 100.0, "percent_covered_display": "100", "missing_lines": 0, "excluded_lines": 0, "num_branches": 0, "num_partial_branches": 0, "covered_branches": 0, "missing_branches": 0}, "missing_lines": [], "excluded_lines": [], "executed_branches": [], "missing_branches": []}, "Component.reset": {"executed_lines": [225, 226, 227, 228, 230, 233, 234], "summary": {"covered_lines": 7, "num_statements": 7, "percent_covered": 100.0, "percent_covered_display": "100", "missing_lines": 0, "excluded_lines": 0, "num_branches": 4, "num_partial_branches": 0, "covered_branches": 4, "missing_branches": 0}, "missing_lines": [], "excluded_lines": [], "executed_branches": [[225, 226], [225, 230], [233, -220], [233, 234]], "missing_branches": []}, "_component_registry_key": {"executed_lines": [244], "summary": {"covered_lines": 1, "num_statements": 1, "percent_covered": 100.0, "percent_covered_display": "100", "missing_lines": 0, "excluded_lines": 0, "num_branches": 0, "num_partial_branches": 0, "covered_branches": 0, "missing_branches": 0}, "missing_lines": [], "excluded_lines": [], "executed_branches": [], "missing_branches": []}, "": {"executed_lines": [], "summary": {"covered_lines": 0, "num_statements": 46, "percent_covered": 0.0, "percent_covered_display": "0", "missing_lines": 46, "excluded_lines": 0, "num_branches": 2, "num_partial_branches": 0, "covered_branches": 0, "missing_branches": 2}, "missing_lines": [6, 9, 10, 11, 13, 14, 16, 17, 20, 21, 22, 24, 25, 27, 30, 33, 34, 36, 40, 43, 44, 45, 47, 57, 89, 94, 116, 129, 140, 141, 145, 146, 162, 163, 185, 186, 199, 200, 209, 210, 220, 221, 237, 238, 239, 242], "excluded_lines": [], "executed_branches": [], "missing_branches": [[16, 17], [16, 20]]}}, "classes": {"ComponentId": {"executed_lines": [37], "summary": {"covered_lines": 1, "num_statements": 1, "percent_covered": 100.0, "percent_covered_display": "100", "missing_lines": 0, "excluded_lines": 0, "num_branches": 0, "num_partial_branches": 0, "covered_branches": 0, "missing_branches": 0}, "missing_lines": [], "excluded_lines": [], "executed_branches": [], "missing_branches": []}, "Component": {"executed_lines": [49, 50, 51, 52, 53, 54, 58, 65, 66, 67, 69, 70, 72, 73, 75, 77, 78, 79, 83, 87, 92, 107, 108, 112, 113, 114, 127, 133, 135, 136, 137, 138, 143, 150, 151, 152, 153, 157, 158, 159, 160, 182, 183, 197, 207, 217, 218, 225, 226, 227, 228, 230, 233, 234], "summary": {"covered_lines": 54, "num_statements": 57, "percent_covered": 93.97590361445783, "percent_covered_display": "94", "missing_lines": 3, "excluded_lines": 0, "num_branches": 26, "num_partial_branches": 2, "covered_branches": 24, "missing_branches": 2}, "missing_lines": [59, 60, 85], "excluded_lines": [], "executed_branches": [[49, 50], [49, 52], [50, 49], [50, 51], [58, 65], [69, 70], [69, 72], [72, 73], [72, 75], [78, 79], [78, 83], [83, 87], [107, 108], [107, 112], [135, -129], [135, 136], [136, 137], [136, 138], [157, -145], [157, 158], [225, 226], [225, 230], [233, -220], [233, 234]], "missing_branches": [[58, 59], [83, 85]]}, "": {"executed_lines": [244], "summary": {"covered_lines": 1, "num_statements": 47, "percent_covered": 2.0408163265306123, "percent_covered_display": "2", "missing_lines": 46, "excluded_lines": 0, "num_branches": 2, "num_partial_branches": 0, "covered_branches": 0, "missing_branches": 2}, "missing_lines": [6, 9, 10, 11, 13, 14, 16, 17, 20, 21, 22, 24, 25, 27, 30, 33, 34, 36, 40, 43, 44, 45, 47, 57, 89, 94, 116, 129, 140, 141, 145, 146, 162, 163, 185, 186, 199, 200, 209, 210, 220, 221, 237, 238, 239, 242], "excluded_lines": [], "executed_branches": [], "missing_branches": [[16, 17], [16, 20]]}}}, "roc/config.py": {"executed_lines": [221, 222, 223, 224, 226, 231, 242, 243, 247, 248, 249, 260, 261, 263, 264, 266, 267, 268, 269, 270, 271, 272, 273, 275, 276, 277, 278, 280, 281, 283, 284, 290], "summary": {"covered_lines": 32, "num_statements": 142, "percent_covered": 29.375, "percent_covered_display": "29", "missing_lines": 110, "excluded_lines": 0, "num_branches": 18, "num_partial_branches": 1, "covered_branches": 15, "missing_branches": 3}, "missing_lines": [3, 5, 6, 7, 8, 9, 11, 12, 15, 21, 23, 32, 33, 36, 42, 45, 46, 47, 50, 53, 54, 57, 60, 61, 64, 67, 68, 71, 74, 75, 78, 84, 88, 95, 96, 97, 98, 99, 100, 101, 102, 104, 105, 107, 108, 109, 111, 112, 113, 114, 115, 116, 117, 118, 120, 121, 122, 124, 125, 126, 127, 128, 130, 131, 132, 133, 134, 135, 137, 138, 139, 140, 142, 143, 145, 146, 147, 149, 150, 151, 152, 154, 155, 156, 157, 158, 159, 160, 161, 162, 164, 178, 203, 204, 206, 207, 209, 210, 212, 214, 220, 228, 229, 233, 234, 251, 252, 286, 287, 293], "excluded_lines": [], "executed_branches": [[223, 224], [223, 226], [242, 243], [242, 249], [261, 263], [261, 283], [268, 269], [268, 275], [269, 270], [269, 275], [270, 271], [272, 269], [272, 273], [276, 277], [276, 280]], "missing_branches": [[32, 33], [32, 42], [270, 269]], "functions": {"Config.__str__": {"executed_lines": [221, 222, 223, 224, 226], "summary": {"covered_lines": 5, "num_statements": 5, "percent_covered": 100.0, "percent_covered_display": "100", "missing_lines": 0, "excluded_lines": 0, "num_branches": 2, "num_partial_branches": 0, "covered_branches": 2, "missing_branches": 0}, "missing_lines": [], "excluded_lines": [], "executed_branches": [[223, 224], [223, 226]], "missing_branches": []}, "Config.print": {"executed_lines": [231], "summary": {"covered_lines": 1, "num_statements": 1, "percent_covered": 100.0, "percent_covered_display": "100", "missing_lines": 0, "excluded_lines": 0, "num_branches": 0, "num_partial_branches": 0, "covered_branches": 0, "missing_branches": 0}, "missing_lines": [], "excluded_lines": [], "executed_branches": [], "missing_branches": []}, "Config.get": {"executed_lines": [242, 243, 247, 248, 249], "summary": {"covered_lines": 5, "num_statements": 5, "percent_covered": 100.0, "percent_covered_display": "100", "missing_lines": 0, "excluded_lines": 0, "num_branches": 2, "num_partial_branches": 0, "covered_branches": 2, "missing_branches": 0}, "missing_lines": [], "excluded_lines": [], "executed_branches": [[242, 243], [242, 249]], "missing_branches": []}, "Config.init": {"executed_lines": [260, 261, 263, 264, 266, 267, 268, 269, 270, 271, 272, 273, 275, 276, 277, 278, 280, 281, 283, 284], "summary": {"covered_lines": 20, "num_statements": 20, "percent_covered": 96.875, "percent_covered_display": "97", "missing_lines": 0, "excluded_lines": 0, "num_branches": 12, "num_partial_branches": 1, "covered_branches": 11, "missing_branches": 1}, "missing_lines": [], "excluded_lines": [], "executed_branches": [[261, 263], [261, 283], [268, 269], [268, 275], [269, 270], [269, 275], [270, 271], [272, 269], [272, 273], [276, 277], [276, 280]], "missing_branches": [[270, 269]]}, "Config.reset": {"executed_lines": [290], "summary": {"covered_lines": 1, "num_statements": 1, "percent_covered": 100.0, "percent_covered_display": "100", "missing_lines": 0, "excluded_lines": 0, "num_branches": 0, "num_partial_branches": 0, "covered_branches": 0, "missing_branches": 0}, "missing_lines": [], "excluded_lines": [], "executed_branches": [], "missing_branches": []}, "": {"executed_lines": [], "summary": {"covered_lines": 0, "num_statements": 110, "percent_covered": 0.0, "percent_covered_display": "0", "missing_lines": 110, "excluded_lines": 0, "num_branches": 2, "num_partial_branches": 0, "covered_branches": 0, "missing_branches": 2}, "missing_lines": [3, 5, 6, 7, 8, 9, 11, 12, 15, 21, 23, 32, 33, 36, 42, 45, 46, 47, 50, 53, 54, 57, 60, 61, 64, 67, 68, 71, 74, 75, 78, 84, 88, 95, 96, 97, 98, 99, 100, 101, 102, 104, 105, 107, 108, 109, 111, 112, 113, 114, 115, 116, 117, 118, 120, 121, 122, 124, 125, 126, 127, 128, 130, 131, 132, 133, 134, 135, 137, 138, 139, 140, 142, 143, 145, 146, 147, 149, 150, 151, 152, 154, 155, 156, 157, 158, 159, 160, 161, 162, 164, 178, 203, 204, 206, 207, 209, 210, 212, 214, 220, 228, 229, 233, 234, 251, 252, 286, 287, 293], "excluded_lines": [], "executed_branches": [], "missing_branches": [[32, 33], [32, 42]]}}, "classes": {"ConfigInitWarning": {"executed_lines": [], "summary": {"covered_lines": 0, "num_statements": 0, "percent_covered": 100.0, "percent_covered_display": "100", "missing_lines": 0, "excluded_lines": 0, "num_branches": 0, "num_partial_branches": 0, "covered_branches": 0, "missing_branches": 0}, "missing_lines": [], "excluded_lines": [], "executed_branches": [], "missing_branches": []}, "ConfigIntrinsicBase": {"executed_lines": [], "summary": {"covered_lines": 0, "num_statements": 0, "percent_covered": 100.0, "percent_covered_display": "100", "missing_lines": 0, "excluded_lines": 0, "num_branches": 0, "num_partial_branches": 0, "covered_branches": 0, "missing_branches": 0}, "missing_lines": [], "excluded_lines": [], "executed_branches": [], "missing_branches": []}, "ConfigPercentIntrinsic": {"executed_lines": [], "summary": {"covered_lines": 0, "num_statements": 0, "percent_covered": 100.0, "percent_covered_display": "100", "missing_lines": 0, "excluded_lines": 0, "num_branches": 0, "num_partial_branches": 0, "covered_branches": 0, "missing_branches": 0}, "missing_lines": [], "excluded_lines": [], "executed_branches": [], "missing_branches": []}, "ConfigMapIntrinsic": {"executed_lines": [], "summary": {"covered_lines": 0, "num_statements": 0, "percent_covered": 100.0, "percent_covered_display": "100", "missing_lines": 0, "excluded_lines": 0, "num_branches": 0, "num_partial_branches": 0, "covered_branches": 0, "missing_branches": 0}, "missing_lines": [], "excluded_lines": [], "executed_branches": [], "missing_branches": []}, "ConfigIntIntrinsic": {"executed_lines": [], "summary": {"covered_lines": 0, "num_statements": 0, "percent_covered": 100.0, "percent_covered_display": "100", "missing_lines": 0, "excluded_lines": 0, "num_branches": 0, "num_partial_branches": 0, "covered_branches": 0, "missing_branches": 0}, "missing_lines": [], "excluded_lines": [], "executed_branches": [], "missing_branches": []}, "ConfigBoolIntrinsic": {"executed_lines": [], "summary": {"covered_lines": 0, "num_statements": 0, "percent_covered": 100.0, "percent_covered_display": "100", "missing_lines": 0, "excluded_lines": 0, "num_branches": 0, "num_partial_branches": 0, "covered_branches": 0, "missing_branches": 0}, "missing_lines": [], "excluded_lines": [], "executed_branches": [], "missing_branches": []}, "Config": {"executed_lines": [221, 222, 223, 224, 226, 231, 242, 243, 247, 248, 249, 260, 261, 263, 264, 266, 267, 268, 269, 270, 271, 272, 273, 275, 276, 277, 278, 280, 281, 283, 284, 290], "summary": {"covered_lines": 32, "num_statements": 32, "percent_covered": 97.91666666666667, "percent_covered_display": "98", "missing_lines": 0, "excluded_lines": 0, "num_branches": 16, "num_partial_branches": 1, "covered_branches": 15, "missing_branches": 1}, "missing_lines": [], "excluded_lines": [], "executed_branches": [[223, 224], [223, 226], [242, 243], [242, 249], [261, 263], [261, 283], [268, 269], [268, 275], [269, 270], [269, 275], [270, 271], [272, 269], [272, 273], [276, 277], [276, 280]], "missing_branches": [[270, 269]]}, "": {"executed_lines": [], "summary": {"covered_lines": 0, "num_statements": 110, "percent_covered": 0.0, "percent_covered_display": "0", "missing_lines": 110, "excluded_lines": 0, "num_branches": 2, "num_partial_branches": 0, "covered_branches": 0, "missing_branches": 2}, "missing_lines": [3, 5, 6, 7, 8, 9, 11, 12, 15, 21, 23, 32, 33, 36, 42, 45, 46, 47, 50, 53, 54, 57, 60, 61, 64, 67, 68, 71, 74, 75, 78, 84, 88, 95, 96, 97, 98, 99, 100, 101, 102, 104, 105, 107, 108, 109, 111, 112, 113, 114, 115, 116, 117, 118, 120, 121, 122, 124, 125, 126, 127, 128, 130, 131, 132, 133, 134, 135, 137, 138, 139, 140, 142, 143, 145, 146, 147, 149, 150, 151, 152, 154, 155, 156, 157, 158, 159, 160, 161, 162, 164, 178, 203, 204, 206, 207, 209, 210, 212, 214, 220, 228, 229, 233, 234, 251, 252, 286, 287, 293], "excluded_lines": [], "executed_branches": [], "missing_branches": [[32, 33], [32, 42]]}}}, "roc/debugpy_setup.py": {"executed_lines": [1, 3, 5, 6, 9, 16, 17, 18, 22, 24, 25, 26, 27, 28, 29, 31, 32, 33, 34], "summary": {"covered_lines": 18, "num_statements": 20, "percent_covered": 88.46153846153847, "percent_covered_display": "88", "missing_lines": 2, "excluded_lines": 0, "num_branches": 6, "num_partial_branches": 1, "covered_branches": 5, "missing_branches": 1}, "missing_lines": [19, 20], "excluded_lines": [], "executed_branches": [[17, -9], [17, 18], [18, 22], [31, -9], [31, 32]], "missing_branches": [[18, 19]], "functions": {"maybe_start_debugpy": {"executed_lines": [16, 17, 18, 22, 24, 25, 26, 27, 28, 29, 31, 32, 33, 34], "summary": {"covered_lines": 14, "num_statements": 16, "percent_covered": 86.36363636363636, "percent_covered_display": "86", "missing_lines": 2, "excluded_lines": 0, "num_branches": 6, "num_partial_branches": 1, "covered_branches": 5, "missing_branches": 1}, "missing_lines": [19, 20], "excluded_lines": [], "executed_branches": [[17, -9], [17, 18], [18, 22], [31, -9], [31, 32]], "missing_branches": [[18, 19]]}, "": {"executed_lines": [1, 3, 5, 6, 9], "summary": {"covered_lines": 4, "num_statements": 4, "percent_covered": 100.0, "percent_covered_display": "100", "missing_lines": 0, "excluded_lines": 0, "num_branches": 0, "num_partial_branches": 0, "covered_branches": 0, "missing_branches": 0}, "missing_lines": [], "excluded_lines": [], "executed_branches": [], "missing_branches": []}}, "classes": {"": {"executed_lines": [1, 3, 5, 6, 9, 16, 17, 18, 22, 24, 25, 26, 27, 28, 29, 31, 32, 33, 34], "summary": {"covered_lines": 18, "num_statements": 20, "percent_covered": 88.46153846153847, "percent_covered_display": "88", "missing_lines": 2, "excluded_lines": 0, "num_branches": 6, "num_partial_branches": 1, "covered_branches": 5, "missing_branches": 1}, "missing_lines": [19, 20], "excluded_lines": [], "executed_branches": [[17, -9], [17, 18], [18, 22], [31, -9], [31, 32]], "missing_branches": [[18, 19]]}}}, "roc/event.py": {"executed_lines": [49, 50, 51, 52, 53, 58, 59, 60, 63, 71, 73, 87, 88, 89, 90, 91, 100, 101, 102, 116, 121, 122, 124, 125, 129, 133, 134, 154, 155, 156, 157, 158, 159, 160, 162, 163, 164, 175, 185, 212, 213, 214, 215, 216, 217, 218, 219, 227, 228, 229, 231, 232, 233, 235, 238, 239, 241, 242, 243, 244, 248, 249, 250, 260, 261, 262, 273, 274, 275, 277, 278, 279, 280, 284, 288, 289, 290, 294, 295, 296, 300, 301, 302, 303, 304, 308, 309, 310], "summary": {"covered_lines": 88, "num_statements": 142, "percent_covered": 65.85365853658537, "percent_covered_display": "66", "missing_lines": 54, "excluded_lines": 0, "num_branches": 22, "num_partial_branches": 2, "covered_branches": 20, "missing_branches": 2}, "missing_lines": [3, 5, 6, 7, 8, 9, 11, 12, 13, 14, 15, 16, 17, 19, 20, 22, 24, 28, 29, 32, 39, 41, 55, 56, 62, 72, 76, 77, 80, 86, 93, 104, 127, 139, 142, 148, 149, 150, 151, 153, 166, 182, 183, 188, 204, 221, 246, 252, 264, 282, 286, 292, 298, 306], "excluded_lines": [], "executed_branches": [[71, 73], [121, 122], [121, 124], [133, -127], [133, 134], [154, 155], [154, 156], [162, -153], [162, 163], [228, 229], [228, 231], [231, 232], [231, 235], [238, 239], [238, 241], [241, -221], [241, 242], [277, 278], [294, -292], [294, 295]], "missing_branches": [[71, 72], [277, -264]], "functions": {"Event.__init__": {"executed_lines": [49, 50, 51, 52, 53], "summary": {"covered_lines": 5, "num_statements": 5, "percent_covered": 100.0, "percent_covered_display": "100", "missing_lines": 0, "excluded_lines": 0, "num_branches": 0, "num_partial_branches": 0, "covered_branches": 0, "missing_branches": 0}, "missing_lines": [], "excluded_lines": [], "executed_branches": [], "missing_branches": []}, "Event.get_step_counts": {"executed_lines": [58, 59, 60], "summary": {"covered_lines": 3, "num_statements": 3, "percent_covered": 100.0, "percent_covered_display": "100", "missing_lines": 0, "excluded_lines": 0, "num_branches": 0, "num_partial_branches": 0, "covered_branches": 0, "missing_branches": 0}, "missing_lines": [], "excluded_lines": [], "executed_branches": [], "missing_branches": []}, "Event.__repr__": {"executed_lines": [63, 71, 73], "summary": {"covered_lines": 3, "num_statements": 4, "percent_covered": 66.66666666666667, "percent_covered_display": "67", "missing_lines": 1, "excluded_lines": 0, "num_branches": 2, "num_partial_branches": 1, "covered_branches": 1, "missing_branches": 1}, "missing_lines": [72], "excluded_lines": [], "executed_branches": [[71, 73]], "missing_branches": [[71, 72]]}, "BusConnection.__init__": {"executed_lines": [87, 88, 89, 90, 91], "summary": {"covered_lines": 5, "num_statements": 5, "percent_covered": 100.0, "percent_covered_display": "100", "missing_lines": 0, "excluded_lines": 0, "num_branches": 0, "num_partial_branches": 0, "covered_branches": 0, "missing_branches": 0}, "missing_lines": [], "excluded_lines": [], "executed_branches": [], "missing_branches": []}, "BusConnection.send": {"executed_lines": [100, 101, 102], "summary": {"covered_lines": 3, "num_statements": 3, "percent_covered": 100.0, "percent_covered_display": "100", "missing_lines": 0, "excluded_lines": 0, "num_branches": 0, "num_partial_branches": 0, "covered_branches": 0, "missing_branches": 0}, "missing_lines": [], "excluded_lines": [], "executed_branches": [], "missing_branches": []}, "BusConnection.listen": {"executed_lines": [116, 121, 122, 124, 125], "summary": {"covered_lines": 5, "num_statements": 5, "percent_covered": 100.0, "percent_covered_display": "100", "missing_lines": 0, "excluded_lines": 0, "num_branches": 2, "num_partial_branches": 0, "covered_branches": 2, "missing_branches": 0}, "missing_lines": [], "excluded_lines": [], "executed_branches": [[121, 122], [121, 124]], "missing_branches": []}, "BusConnection.close": {"executed_lines": [129, 133, 134], "summary": {"covered_lines": 3, "num_statements": 3, "percent_covered": 100.0, "percent_covered_display": "100", "missing_lines": 0, "excluded_lines": 0, "num_branches": 2, "num_partial_branches": 0, "covered_branches": 2, "missing_branches": 0}, "missing_lines": [], "excluded_lines": [], "executed_branches": [[133, -127], [133, 134]], "missing_branches": []}, "EventBus.__init__": {"executed_lines": [154, 155, 156, 157, 158, 159, 160, 162, 163, 164], "summary": {"covered_lines": 10, "num_statements": 10, "percent_covered": 100.0, "percent_covered_display": "100", "missing_lines": 0, "excluded_lines": 0, "num_branches": 4, "num_partial_branches": 0, "covered_branches": 4, "missing_branches": 0}, "missing_lines": [], "excluded_lines": [], "executed_branches": [[154, 155], [154, 156], [162, -153], [162, 163]], "missing_branches": []}, "EventBus.connect": {"executed_lines": [175], "summary": {"covered_lines": 1, "num_statements": 1, "percent_covered": 100.0, "percent_covered_display": "100", "missing_lines": 0, "excluded_lines": 0, "num_branches": 0, "num_partial_branches": 0, "covered_branches": 0, "missing_branches": 0}, "missing_lines": [], "excluded_lines": [], "executed_branches": [], "missing_branches": []}, "EventBus.clear_names": {"executed_lines": [185], "summary": {"covered_lines": 1, "num_statements": 1, "percent_covered": 100.0, "percent_covered_display": "100", "missing_lines": 0, "excluded_lines": 0, "num_branches": 0, "num_partial_branches": 0, "covered_branches": 0, "missing_branches": 0}, "missing_lines": [], "excluded_lines": [], "executed_branches": [], "missing_branches": []}, "SettleGroup.__init__": {"executed_lines": [212, 213, 214, 215, 216, 217, 218, 219], "summary": {"covered_lines": 8, "num_statements": 8, "percent_covered": 100.0, "percent_covered_display": "100", "missing_lines": 0, "excluded_lines": 0, "num_branches": 0, "num_partial_branches": 0, "covered_branches": 0, "missing_branches": 0}, "missing_lines": [], "excluded_lines": [], "executed_branches": [], "missing_branches": []}, "SettleGroup.notify": {"executed_lines": [227, 228, 229, 231, 232, 233, 235, 238, 239, 241, 242, 243, 244], "summary": {"covered_lines": 13, "num_statements": 13, "percent_covered": 100.0, "percent_covered_display": "100", "missing_lines": 0, "excluded_lines": 0, "num_branches": 8, "num_partial_branches": 0, "covered_branches": 8, "missing_branches": 0}, "missing_lines": [], "excluded_lines": [], "executed_branches": [[228, 229], [228, 231], [231, 232], [231, 235], [238, 239], [238, 241], [241, -221], [241, 242]], "missing_branches": []}, "SettleGroup.reset": {"executed_lines": [248, 249, 250], "summary": {"covered_lines": 3, "num_statements": 3, "percent_covered": 100.0, "percent_covered_display": "100", "missing_lines": 0, "excluded_lines": 0, "num_branches": 0, "num_partial_branches": 0, "covered_branches": 0, "missing_branches": 0}, "missing_lines": [], "excluded_lines": [], "executed_branches": [], "missing_branches": []}, "SettleGroup.add_source": {"executed_lines": [260, 261, 262], "summary": {"covered_lines": 3, "num_statements": 3, "percent_covered": 100.0, "percent_covered_display": "100", "missing_lines": 0, "excluded_lines": 0, "num_branches": 0, "num_partial_branches": 0, "covered_branches": 0, "missing_branches": 0}, "missing_lines": [], "excluded_lines": [], "executed_branches": [], "missing_branches": []}, "SettleGroup.remove_source": {"executed_lines": [273, 274, 275, 277, 278, 279, 280], "summary": {"covered_lines": 7, "num_statements": 7, "percent_covered": 88.88888888888889, "percent_covered_display": "89", "missing_lines": 0, "excluded_lines": 0, "num_branches": 2, "num_partial_branches": 1, "covered_branches": 1, "missing_branches": 1}, "missing_lines": [], "excluded_lines": [], "executed_branches": [[277, 278]], "missing_branches": [[277, -264]]}, "SettleGroup._reset_internal": {"executed_lines": [284], "summary": {"covered_lines": 1, "num_statements": 1, "percent_covered": 100.0, "percent_covered_display": "100", "missing_lines": 0, "excluded_lines": 0, "num_branches": 0, "num_partial_branches": 0, "covered_branches": 0, "missing_branches": 0}, "missing_lines": [], "excluded_lines": [], "executed_branches": [], "missing_branches": []}, "SettleGroup._start_watchdog": {"executed_lines": [288, 289, 290], "summary": {"covered_lines": 3, "num_statements": 3, "percent_covered": 100.0, "percent_covered_display": "100", "missing_lines": 0, "excluded_lines": 0, "num_branches": 0, "num_partial_branches": 0, "covered_branches": 0, "missing_branches": 0}, "missing_lines": [], "excluded_lines": [], "executed_branches": [], "missing_branches": []}, "SettleGroup._cancel_watchdog": {"executed_lines": [294, 295, 296], "summary": {"covered_lines": 3, "num_statements": 3, "percent_covered": 100.0, "percent_covered_display": "100", "missing_lines": 0, "excluded_lines": 0, "num_branches": 2, "num_partial_branches": 0, "covered_branches": 2, "missing_branches": 0}, "missing_lines": [], "excluded_lines": [], "executed_branches": [[294, -292], [294, 295]], "missing_branches": []}, "SettleGroup.shutdown": {"executed_lines": [300, 301, 302, 303, 304], "summary": {"covered_lines": 5, "num_statements": 5, "percent_covered": 100.0, "percent_covered_display": "100", "missing_lines": 0, "excluded_lines": 0, "num_branches": 0, "num_partial_branches": 0, "covered_branches": 0, "missing_branches": 0}, "missing_lines": [], "excluded_lines": [], "executed_branches": [], "missing_branches": []}, "SettleGroup._watchdog_fired": {"executed_lines": [308, 309, 310], "summary": {"covered_lines": 3, "num_statements": 3, "percent_covered": 100.0, "percent_covered_display": "100", "missing_lines": 0, "excluded_lines": 0, "num_branches": 0, "num_partial_branches": 0, "covered_branches": 0, "missing_branches": 0}, "missing_lines": [], "excluded_lines": [], "executed_branches": [], "missing_branches": []}, "": {"executed_lines": [], "summary": {"covered_lines": 0, "num_statements": 53, "percent_covered": 0.0, "percent_covered_display": "0", "missing_lines": 53, "excluded_lines": 0, "num_branches": 0, "num_partial_branches": 0, "covered_branches": 0, "missing_branches": 0}, "missing_lines": [3, 5, 6, 7, 8, 9, 11, 12, 13, 14, 15, 16, 17, 19, 20, 22, 24, 28, 29, 32, 39, 41, 55, 56, 62, 76, 77, 80, 86, 93, 104, 127, 139, 142, 148, 149, 150, 151, 153, 166, 182, 183, 188, 204, 221, 246, 252, 264, 282, 286, 292, 298, 306], "excluded_lines": [], "executed_branches": [], "missing_branches": []}}, "classes": {"Event": {"executed_lines": [49, 50, 51, 52, 53, 58, 59, 60, 63, 71, 73], "summary": {"covered_lines": 11, "num_statements": 12, "percent_covered": 85.71428571428571, "percent_covered_display": "86", "missing_lines": 1, "excluded_lines": 0, "num_branches": 2, "num_partial_branches": 1, "covered_branches": 1, "missing_branches": 1}, "missing_lines": [72], "excluded_lines": [], "executed_branches": [[71, 73]], "missing_branches": [[71, 72]]}, "BusConnection": {"executed_lines": [87, 88, 89, 90, 91, 100, 101, 102, 116, 121, 122, 124, 125, 129, 133, 134], "summary": {"covered_lines": 16, "num_statements": 16, "percent_covered": 100.0, "percent_covered_display": "100", "missing_lines": 0, "excluded_lines": 0, "num_branches": 4, "num_partial_branches": 0, "covered_branches": 4, "missing_branches": 0}, "missing_lines": [], "excluded_lines": [], "executed_branches": [[121, 122], [121, 124], [133, -127], [133, 134]], "missing_branches": []}, "EventBus": {"executed_lines": [154, 155, 156, 157, 158, 159, 160, 162, 163, 164, 175, 185], "summary": {"covered_lines": 12, "num_statements": 12, "percent_covered": 100.0, "percent_covered_display": "100", "missing_lines": 0, "excluded_lines": 0, "num_branches": 4, "num_partial_branches": 0, "covered_branches": 4, "missing_branches": 0}, "missing_lines": [], "excluded_lines": [], "executed_branches": [[154, 155], [154, 156], [162, -153], [162, 163]], "missing_branches": []}, "SettleGroup": {"executed_lines": [212, 213, 214, 215, 216, 217, 218, 219, 227, 228, 229, 231, 232, 233, 235, 238, 239, 241, 242, 243, 244, 248, 249, 250, 260, 261, 262, 273, 274, 275, 277, 278, 279, 280, 284, 288, 289, 290, 294, 295, 296, 300, 301, 302, 303, 304, 308, 309, 310], "summary": {"covered_lines": 49, "num_statements": 49, "percent_covered": 98.36065573770492, "percent_covered_display": "98", "missing_lines": 0, "excluded_lines": 0, "num_branches": 12, "num_partial_branches": 1, "covered_branches": 11, "missing_branches": 1}, "missing_lines": [], "excluded_lines": [], "executed_branches": [[228, 229], [228, 231], [231, 232], [231, 235], [238, 239], [238, 241], [241, -221], [241, 242], [277, 278], [294, -292], [294, 295]], "missing_branches": [[277, -264]]}, "": {"executed_lines": [], "summary": {"covered_lines": 0, "num_statements": 53, "percent_covered": 0.0, "percent_covered_display": "0", "missing_lines": 53, "excluded_lines": 0, "num_branches": 0, "num_partial_branches": 0, "covered_branches": 0, "missing_branches": 0}, "missing_lines": [3, 5, 6, 7, 8, 9, 11, 12, 13, 14, 15, 16, 17, 19, 20, 22, 24, 28, 29, 32, 39, 41, 55, 56, 62, 76, 77, 80, 86, 93, 104, 127, 139, 142, 148, 149, 150, 151, 153, 166, 182, 183, 188, 204, 221, 246, 252, 264, 282, 286, 292, 298, 306], "excluded_lines": [], "executed_branches": [], "missing_branches": []}}}, "roc/expmod.py": {"executed_lines": [83, 113, 114, 116, 119, 120, 123, 131, 146, 147, 152, 153, 155, 168, 171, 172, 174, 175, 179, 192, 193, 195, 196, 197, 199, 200, 201, 203, 218, 220, 221, 222, 225, 226, 227, 228, 229, 230, 231, 232, 233, 234, 236, 237, 240, 241, 242, 243, 244, 246], "summary": {"covered_lines": 50, "num_statements": 77, "percent_covered": 70.29702970297029, "percent_covered_display": "70", "missing_lines": 27, "excluded_lines": 0, "num_branches": 24, "num_partial_branches": 3, "covered_branches": 21, "missing_branches": 3}, "missing_lines": [71, 73, 74, 75, 76, 77, 78, 80, 82, 84, 87, 103, 104, 106, 117, 125, 133, 134, 157, 158, 169, 181, 182, 205, 206, 247, 248], "excluded_lines": [], "executed_branches": [[113, 114], [113, 116], [116, 119], [119, 120], [119, 123], [152, 153], [152, 155], [168, 171], [171, 172], [171, 174], [174, 175], [174, 179], [226, 227], [226, 236], [227, 228], [227, 233], [236, 237], [236, 240], [242, 243], [242, 246], [246, -205]], "missing_branches": [[116, 117], [168, 169], [246, 247]], "functions": {"ExpMod.__init_subclass__": {"executed_lines": [113, 114, 116, 119, 120, 123], "summary": {"covered_lines": 6, "num_statements": 7, "percent_covered": 84.61538461538461, "percent_covered_display": "85", "missing_lines": 1, "excluded_lines": 0, "num_branches": 6, "num_partial_branches": 1, "covered_branches": 5, "missing_branches": 1}, "missing_lines": [117], "excluded_lines": [], "executed_branches": [[113, 114], [113, 116], [116, 119], [119, 120], [119, 123]], "missing_branches": [[116, 117]]}, "ExpMod.params_dict": {"executed_lines": [131], "summary": {"covered_lines": 1, "num_statements": 1, "percent_covered": 100.0, "percent_covered_display": "100", "missing_lines": 0, "excluded_lines": 0, "num_branches": 0, "num_partial_branches": 0, "covered_branches": 0, "missing_branches": 0}, "missing_lines": [], "excluded_lines": [], "executed_branches": [], "missing_branches": []}, "ExpMod.get": {"executed_lines": [146, 147, 152, 153, 155], "summary": {"covered_lines": 5, "num_statements": 5, "percent_covered": 100.0, "percent_covered_display": "100", "missing_lines": 0, "excluded_lines": 0, "num_branches": 2, "num_partial_branches": 0, "covered_branches": 2, "missing_branches": 0}, "missing_lines": [], "excluded_lines": [], "executed_branches": [[152, 153], [152, 155]], "missing_branches": []}, "ExpMod.set": {"executed_lines": [168, 171, 172, 174, 175, 179], "summary": {"covered_lines": 6, "num_statements": 7, "percent_covered": 84.61538461538461, "percent_covered_display": "85", "missing_lines": 1, "excluded_lines": 0, "num_branches": 6, "num_partial_branches": 1, "covered_branches": 5, "missing_branches": 1}, "missing_lines": [169], "excluded_lines": [], "executed_branches": [[168, 171], [171, 172], [171, 174], [174, 175], [174, 179]], "missing_branches": [[168, 169]]}, "ExpMod.import_file": {"executed_lines": [192, 193, 195, 196, 197, 199, 200, 201, 203], "summary": {"covered_lines": 9, "num_statements": 9, "percent_covered": 100.0, "percent_covered_display": "100", "missing_lines": 0, "excluded_lines": 0, "num_branches": 0, "num_partial_branches": 0, "covered_branches": 0, "missing_branches": 0}, "missing_lines": [], "excluded_lines": [], "executed_branches": [], "missing_branches": []}, "ExpMod.init": {"executed_lines": [218, 220, 221, 222, 225, 226, 227, 228, 229, 230, 231, 232, 233, 234, 236, 237, 240, 241, 242, 243, 244, 246], "summary": {"covered_lines": 22, "num_statements": 24, "percent_covered": 91.17647058823529, "percent_covered_display": "91", "missing_lines": 2, "excluded_lines": 0, "num_branches": 10, "num_partial_branches": 1, "covered_branches": 9, "missing_branches": 1}, "missing_lines": [247, 248], "excluded_lines": [], "executed_branches": [[226, 227], [226, 236], [227, 228], [227, 233], [236, 237], [236, 240], [242, 243], [242, 246], [246, -205]], "missing_branches": [[246, 247]]}, "": {"executed_lines": [83], "summary": {"covered_lines": 1, "num_statements": 24, "percent_covered": 4.166666666666667, "percent_covered_display": "4", "missing_lines": 23, "excluded_lines": 0, "num_branches": 0, "num_partial_branches": 0, "covered_branches": 0, "missing_branches": 0}, "missing_lines": [71, 73, 74, 75, 76, 77, 78, 80, 82, 84, 87, 103, 104, 106, 125, 133, 134, 157, 158, 181, 182, 205, 206], "excluded_lines": [], "executed_branches": [], "missing_branches": []}}, "classes": {"ExpMod": {"executed_lines": [113, 114, 116, 119, 120, 123, 131, 146, 147, 152, 153, 155, 168, 171, 172, 174, 175, 179, 192, 193, 195, 196, 197, 199, 200, 201, 203, 218, 220, 221, 222, 225, 226, 227, 228, 229, 230, 231, 232, 233, 234, 236, 237, 240, 241, 242, 243, 244, 246], "summary": {"covered_lines": 49, "num_statements": 53, "percent_covered": 90.9090909090909, "percent_covered_display": "91", "missing_lines": 4, "excluded_lines": 0, "num_branches": 24, "num_partial_branches": 3, "covered_branches": 21, "missing_branches": 3}, "missing_lines": [117, 169, 247, 248], "excluded_lines": [], "executed_branches": [[113, 114], [113, 116], [116, 119], [119, 120], [119, 123], [152, 153], [152, 155], [168, 171], [171, 172], [171, 174], [174, 175], [174, 179], [226, 227], [226, 236], [227, 228], [227, 233], [236, 237], [236, 240], [242, 243], [242, 246], [246, -205]], "missing_branches": [[116, 117], [168, 169], [246, 247]]}, "": {"executed_lines": [83], "summary": {"covered_lines": 1, "num_statements": 24, "percent_covered": 4.166666666666667, "percent_covered_display": "4", "missing_lines": 23, "excluded_lines": 0, "num_branches": 0, "num_partial_branches": 0, "covered_branches": 0, "missing_branches": 0}, "missing_lines": [71, 73, 74, 75, 76, 77, 78, 80, 82, 84, 87, 103, 104, 106, 125, 133, 134, 157, 158, 181, 182, 205, 206], "excluded_lines": [], "executed_branches": [], "missing_branches": []}}}, "roc/feature_extractors/color.py": {"executed_lines": [30, 31, 32, 33, 34, 35, 36, 37, 38, 39, 40, 41, 42, 43, 44, 45, 46, 47, 48, 49, 50, 51, 52, 53, 54, 55, 56, 57, 58, 59, 60, 61, 62, 63, 64, 65, 66, 68, 98, 102, 114, 115, 116, 117, 129, 137, 138, 139, 141, 142, 144, 145, 147, 148, 149, 150, 158, 159, 160, 161, 163], "summary": {"covered_lines": 61, "num_statements": 81, "percent_covered": 84.0, "percent_covered_display": "84", "missing_lines": 20, "excluded_lines": 0, "num_branches": 44, "num_partial_branches": 0, "covered_branches": 44, "missing_branches": 0}, "missing_lines": [3, 5, 6, 15, 18, 21, 22, 24, 25, 90, 91, 94, 96, 100, 105, 110, 111, 113, 119, 131], "excluded_lines": [], "executed_branches": [[31, 32], [31, 33], [33, 34], [33, 35], [35, 36], [35, 37], [37, 38], [37, 39], [39, 40], [39, 41], [41, 42], [41, 43], [43, 44], [43, 45], [45, 46], [45, 47], [47, 48], [47, 49], [49, 50], [49, 51], [51, 52], [51, 53], [53, 54], [53, 55], [55, 56], [55, 57], [57, 58], [57, 59], [59, 60], [59, 61], [61, 62], [61, 63], [63, 64], [63, 65], [137, 138], [137, 141], [141, 142], [141, 144], [144, 145], [144, 147], [147, 148], [147, 163], [148, 149], [148, 158]], "missing_branches": [], "functions": {"ColorNode.attr_strs": {"executed_lines": [30, 31, 32, 33, 34, 35, 36, 37, 38, 39, 40, 41, 42, 43, 44, 45, 46, 47, 48, 49, 50, 51, 52, 53, 54, 55, 56, 57, 58, 59, 60, 61, 62, 63, 64, 65, 66, 68], "summary": {"covered_lines": 38, "num_statements": 38, "percent_covered": 100.0, "percent_covered_display": "100", "missing_lines": 0, "excluded_lines": 0, "num_branches": 34, "num_partial_branches": 0, "covered_branches": 34, "missing_branches": 0}, "missing_lines": [], "excluded_lines": [], "executed_branches": [[31, 32], [31, 33], [33, 34], [33, 35], [35, 36], [35, 37], [37, 38], [37, 39], [39, 40], [39, 41], [41, 42], [41, 43], [43, 44], [43, 45], [45, 46], [45, 47], [47, 48], [47, 49], [49, 50], [49, 51], [51, 52], [51, 53], [53, 54], [53, 55], [55, 56], [55, 57], [57, 58], [57, 59], [59, 60], [59, 61], [61, 62], [61, 63], [63, 64], [63, 65]], "missing_branches": []}, "ColorFeature._create_nodes": {"executed_lines": [98], "summary": {"covered_lines": 1, "num_statements": 1, "percent_covered": 100.0, "percent_covered_display": "100", "missing_lines": 0, "excluded_lines": 0, "num_branches": 0, "num_partial_branches": 0, "covered_branches": 0, "missing_branches": 0}, "missing_lines": [], "excluded_lines": [], "executed_branches": [], "missing_branches": []}, "ColorFeature._dbfetch_nodes": {"executed_lines": [102], "summary": {"covered_lines": 1, "num_statements": 1, "percent_covered": 100.0, "percent_covered_display": "100", "missing_lines": 0, "excluded_lines": 0, "num_branches": 0, "num_partial_branches": 0, "covered_branches": 0, "missing_branches": 0}, "missing_lines": [], "excluded_lines": [], "executed_branches": [], "missing_branches": []}, "Color.__init__": {"executed_lines": [114, 115, 116, 117], "summary": {"covered_lines": 4, "num_statements": 4, "percent_covered": 100.0, "percent_covered_display": "100", "missing_lines": 0, "excluded_lines": 0, "num_branches": 0, "num_partial_branches": 0, "covered_branches": 0, "missing_branches": 0}, "missing_lines": [], "excluded_lines": [], "executed_branches": [], "missing_branches": []}, "Color.event_filter": {"executed_lines": [129], "summary": {"covered_lines": 1, "num_statements": 1, "percent_covered": 100.0, "percent_covered_display": "100", "missing_lines": 0, "excluded_lines": 0, "num_branches": 0, "num_partial_branches": 0, "covered_branches": 0, "missing_branches": 0}, "missing_lines": [], "excluded_lines": [], "executed_branches": [], "missing_branches": []}, "Color.get_feature": {"executed_lines": [137, 138, 139, 141, 142, 144, 145, 147, 148, 149, 150, 158, 159, 160, 161, 163], "summary": {"covered_lines": 16, "num_statements": 16, "percent_covered": 100.0, "percent_covered_display": "100", "missing_lines": 0, "excluded_lines": 0, "num_branches": 10, "num_partial_branches": 0, "covered_branches": 10, "missing_branches": 0}, "missing_lines": [], "excluded_lines": [], "executed_branches": [[137, 138], [137, 141], [141, 142], [141, 144], [144, 145], [144, 147], [147, 148], [147, 163], [148, 149], [148, 158]], "missing_branches": []}, "": {"executed_lines": [], "summary": {"covered_lines": 0, "num_statements": 20, "percent_covered": 0.0, "percent_covered_display": "0", "missing_lines": 20, "excluded_lines": 0, "num_branches": 0, "num_partial_branches": 0, "covered_branches": 0, "missing_branches": 0}, "missing_lines": [3, 5, 6, 15, 18, 21, 22, 24, 25, 90, 91, 94, 96, 100, 105, 110, 111, 113, 119, 131], "excluded_lines": [], "executed_branches": [], "missing_branches": []}}, "classes": {"ColorNode": {"executed_lines": [30, 31, 32, 33, 34, 35, 36, 37, 38, 39, 40, 41, 42, 43, 44, 45, 46, 47, 48, 49, 50, 51, 52, 53, 54, 55, 56, 57, 58, 59, 60, 61, 62, 63, 64, 65, 66, 68], "summary": {"covered_lines": 38, "num_statements": 38, "percent_covered": 100.0, "percent_covered_display": "100", "missing_lines": 0, "excluded_lines": 0, "num_branches": 34, "num_partial_branches": 0, "covered_branches": 34, "missing_branches": 0}, "missing_lines": [], "excluded_lines": [], "executed_branches": [[31, 32], [31, 33], [33, 34], [33, 35], [35, 36], [35, 37], [37, 38], [37, 39], [39, 40], [39, 41], [41, 42], [41, 43], [43, 44], [43, 45], [45, 46], [45, 47], [47, 48], [47, 49], [49, 50], [49, 51], [51, 52], [51, 53], [53, 54], [53, 55], [55, 56], [55, 57], [57, 58], [57, 59], [59, 60], [59, 61], [61, 62], [61, 63], [63, 64], [63, 65]], "missing_branches": []}, "ColorFeature": {"executed_lines": [98, 102], "summary": {"covered_lines": 2, "num_statements": 2, "percent_covered": 100.0, "percent_covered_display": "100", "missing_lines": 0, "excluded_lines": 0, "num_branches": 0, "num_partial_branches": 0, "covered_branches": 0, "missing_branches": 0}, "missing_lines": [], "excluded_lines": [], "executed_branches": [], "missing_branches": []}, "Color": {"executed_lines": [114, 115, 116, 117, 129, 137, 138, 139, 141, 142, 144, 145, 147, 148, 149, 150, 158, 159, 160, 161, 163], "summary": {"covered_lines": 21, "num_statements": 21, "percent_covered": 100.0, "percent_covered_display": "100", "missing_lines": 0, "excluded_lines": 0, "num_branches": 10, "num_partial_branches": 0, "covered_branches": 10, "missing_branches": 0}, "missing_lines": [], "excluded_lines": [], "executed_branches": [[137, 138], [137, 141], [141, 142], [141, 144], [144, 145], [144, 147], [147, 148], [147, 163], [148, 149], [148, 158]], "missing_branches": []}, "": {"executed_lines": [], "summary": {"covered_lines": 0, "num_statements": 20, "percent_covered": 0.0, "percent_covered_display": "0", "missing_lines": 20, "excluded_lines": 0, "num_branches": 0, "num_partial_branches": 0, "covered_branches": 0, "missing_branches": 0}, "missing_lines": [3, 5, 6, 15, 18, 21, 22, 24, 25, 90, 91, 94, 96, 100, 105, 110, 111, 113, 119, 131], "excluded_lines": [], "executed_branches": [], "missing_branches": []}}}, "roc/feature_extractors/delta.py": {"executed_lines": [26, 40, 43, 47, 51, 55, 68, 69, 73, 77, 78, 80, 82, 84, 86, 87, 90, 91, 93, 94, 95, 96, 105], "summary": {"covered_lines": 23, "num_statements": 49, "percent_covered": 52.72727272727273, "percent_covered_display": "53", "missing_lines": 26, "excluded_lines": 0, "num_branches": 6, "num_partial_branches": 0, "covered_branches": 6, "missing_branches": 0}, "missing_lines": [3, 5, 7, 8, 17, 20, 21, 23, 24, 29, 30, 33, 34, 35, 36, 38, 42, 45, 49, 53, 61, 64, 65, 67, 71, 75], "excluded_lines": [], "executed_branches": [[84, 86], [84, 90], [93, 94], [93, 105], [95, 93], [95, 96]], "missing_branches": [], "functions": {"DeltaNode.attr_strs": {"executed_lines": [26], "summary": {"covered_lines": 1, "num_statements": 1, "percent_covered": 100.0, "percent_covered_display": "100", "missing_lines": 0, "excluded_lines": 0, "num_branches": 0, "num_partial_branches": 0, "covered_branches": 0, "missing_branches": 0}, "missing_lines": [], "excluded_lines": [], "executed_branches": [], "missing_branches": []}, "DeltaFeature.get_points": {"executed_lines": [40], "summary": {"covered_lines": 1, "num_statements": 1, "percent_covered": 100.0, "percent_covered_display": "100", "missing_lines": 0, "excluded_lines": 0, "num_branches": 0, "num_partial_branches": 0, "covered_branches": 0, "missing_branches": 0
[...]
ercent_covered": 100.0, "percent_covered_display": "100", "missing_lines": 0, "excluded_lines": 0, "num_branches": 0, "num_partial_branches": 0, "covered_branches": 0, "missing_branches": 0}, "missing_lines": [], "excluded_lines": [], "executed_branches": [], "missing_branches": []}, "Sequencer.handle_object_resolution_event": {"executed_lines": [166, 167, 168], "summary": {"covered_lines": 3, "num_statements": 3, "percent_covered": 80.0, "percent_covered_display": "80", "missing_lines": 0, "excluded_lines": 0, "num_branches": 2, "num_partial_branches": 1, "covered_branches": 1, "missing_branches": 1}, "missing_lines": [], "excluded_lines": [], "executed_branches": [[166, 167]], "missing_branches": [[166, 168]]}, "Sequencer.handle_intrinsic_event": {"executed_lines": [172, 173, 174], "summary": {"covered_lines": 3, "num_statements": 3, "percent_covered": 100.0, "percent_covered_display": "100", "missing_lines": 0, "excluded_lines": 0, "num_branches": 2, "num_partial_branches": 0, "covered_branches": 2, "missing_branches": 0}, "missing_lines": [], "excluded_lines": [], "executed_branches": [[172, 173], [172, 174]], "missing_branches": []}, "Sequencer.handle_action_event": {"executed_lines": [178, 179, 182, 183, 184], "summary": {"covered_lines": 5, "num_statements": 5, "percent_covered": 77.77777777777777, "percent_covered_display": "78", "missing_lines": 0, "excluded_lines": 0, "num_branches": 4, "num_partial_branches": 2, "covered_branches": 2, "missing_branches": 2}, "missing_lines": [], "excluded_lines": [], "executed_branches": [[179, 182], [182, 183]], "missing_branches": [[179, -176], [182, -176]]}, "Sequencer._emit_frame": {"executed_lines": [188, 189, 190, 191], "summary": {"covered_lines": 4, "num_statements": 4, "percent_covered": 100.0, "percent_covered_display": "100", "missing_lines": 0, "excluded_lines": 0, "num_branches": 0, "num_partial_branches": 0, "covered_branches": 0, "missing_branches": 0}, "missing_lines": [], "excluded_lines": [], "executed_branches": [], "missing_branches": []}, "": {"executed_lines": [], "summary": {"covered_lines": 0, "num_statements": 41, "percent_covered": 0.0, "percent_covered_display": "0", "missing_lines": 41, "excluded_lines": 0, "num_branches": 0, "num_partial_branches": 0, "covered_branches": 0, "missing_branches": 0}, "missing_lines": [3, 5, 6, 8, 10, 11, 12, 13, 14, 15, 16, 18, 19, 20, 23, 32, 35, 37, 38, 57, 58, 68, 69, 81, 82, 106, 109, 117, 120, 123, 126, 127, 128, 129, 131, 150, 155, 164, 170, 176, 186], "excluded_lines": [], "executed_branches": [], "missing_branches": []}}, "classes": {"Frame": {"executed_lines": [40, 42, 43, 44, 45, 46, 48, 49, 50, 51, 52, 53, 55, 60, 62, 63, 64, 66, 71, 73, 74, 75, 76, 77, 79, 84, 93, 95, 97, 98, 99, 101, 103], "summary": {"covered_lines": 33, "num_statements": 33, "percent_covered": 93.44262295081967, "percent_covered_display": "93", "missing_lines": 0, "excluded_lines": 0, "num_branches": 28, "num_partial_branches": 4, "covered_branches": 24, "missing_branches": 4}, "missing_lines": [], "excluded_lines": [], "executed_branches": [[43, 44], [43, 45], [48, 49], [48, 55], [49, 50], [51, 48], [51, 52], [52, 53], [62, 63], [62, 66], [63, 64], [73, 74], [73, 79], [74, 73], [74, 75], [75, 76], [93, 95], [93, 103], [95, 93], [95, 97], [98, 93], [98, 99], [99, 98], [99, 101]], "missing_branches": [[49, 48], [52, 51], [63, 62], [75, 74]]}, "FrameAttribute": {"executed_lines": [], "summary": {"covered_lines": 0, "num_statements": 0, "percent_covered": 100.0, "percent_covered_display": "100", "missing_lines": 0, "excluded_lines": 0, "num_branches": 0, "num_partial_branches": 0, "covered_branches": 0, "missing_branches": 0}, "missing_lines": [], "excluded_lines": [], "executed_branches": [], "missing_branches": []}, "NextFrame": {"executed_lines": [], "summary": {"covered_lines": 0, "num_statements": 0, "percent_covered": 100.0, "percent_covered_display": "100", "missing_lines": 0, "excluded_lines": 0, "num_branches": 0, "num_partial_branches": 0, "covered_branches": 0, "missing_branches": 0}, "missing_lines": [], "excluded_lines": [], "executed_branches": [], "missing_branches": []}, "Sequencer": {"executed_lines": [132, 133, 134, 135, 136, 137, 138, 139, 140, 141, 143, 152, 153, 157, 166, 167, 168, 172, 173, 174, 178, 179, 182, 183, 184, 188, 189, 190, 191], "summary": {"covered_lines": 29, "num_statements": 29, "percent_covered": 91.89189189189189, "percent_covered_display": "92", "missing_lines": 0, "excluded_lines": 0, "num_branches": 8, "num_partial_branches": 3, "covered_branches": 5, "missing_branches": 3}, "missing_lines": [], "excluded_lines": [], "executed_branches": [[166, 167], [172, 173], [172, 174], [179, 182], [182, 183]], "missing_branches": [[166, 168], [179, -176], [182, -176]]}, "": {"executed_lines": [27, 29], "summary": {"covered_lines": 2, "num_statements": 43, "percent_covered": 4.651162790697675, "percent_covered_display": "5", "missing_lines": 41, "excluded_lines": 0, "num_branches": 0, "num_partial_branches": 0, "covered_branches": 0, "missing_branches": 0}, "missing_lines": [3, 5, 6, 8, 10, 11, 12, 13, 14, 15, 16, 18, 19, 20, 23, 32, 35, 37, 38, 57, 58, 68, 69, 81, 82, 106, 109, 117, 120, 123, 126, 127, 128, 129, 131, 150, 155, 164, 170, 176, 186], "excluded_lines": [], "executed_branches": [], "missing_branches": []}}}, "roc/significance.py": {"executed_lines": [15, 30, 31, 32, 33, 37, 41, 42, 43, 45, 46, 47, 52, 54], "summary": {"covered_lines": 14, "num_statements": 30, "percent_covered": 50.0, "percent_covered_display": "50", "missing_lines": 16, "excluded_lines": 0, "num_branches": 2, "num_partial_branches": 0, "covered_branches": 2, "missing_branches": 0}, "missing_lines": [3, 5, 6, 7, 8, 11, 14, 18, 21, 24, 25, 26, 27, 29, 35, 39], "excluded_lines": [], "executed_branches": [[46, 47], [46, 54]], "missing_branches": [], "functions": {"SignificanceData.__init__": {"executed_lines": [15], "summary": {"covered_lines": 1, "num_statements": 1, "percent_covered": 100.0, "percent_covered_display": "100", "missing_lines": 0, "excluded_lines": 0, "num_branches": 0, "num_partial_branches": 0, "covered_branches": 0, "missing_branches": 0}, "missing_lines": [], "excluded_lines": [], "executed_branches": [], "missing_branches": []}, "Significance.__init__": {"executed_lines": [30, 31, 32, 33], "summary": {"covered_lines": 4, "num_statements": 4, "percent_covered": 100.0, "percent_covered_display": "100", "missing_lines": 0, "excluded_lines": 0, "num_branches": 0, "num_partial_branches": 0, "covered_branches": 0, "missing_branches": 0}, "missing_lines": [], "excluded_lines": [], "executed_branches": [], "missing_branches": []}, "Significance.event_filter": {"executed_lines": [37], "summary": {"covered_lines": 1, "num_statements": 1, "percent_covered": 100.0, "percent_covered_display": "100", "missing_lines": 0, "excluded_lines": 0, "num_branches": 0, "num_partial_branches": 0, "covered_branches": 0, "missing_branches": 0}, "missing_lines": [], "excluded_lines": [], "executed_branches": [], "missing_branches": []}, "Significance.do_significance": {"executed_lines": [41, 42, 43, 45, 46, 47, 52, 54], "summary": {"covered_lines": 8, "num_statements": 8, "percent_covered": 100.0, "percent_covered_display": "100", "missing_lines": 0, "excluded_lines": 0, "num_branches": 2, "num_partial_branches": 0, "covered_branches": 2, "missing_branches": 0}, "missing_lines": [], "excluded_lines": [], "executed_branches": [[46, 47], [46, 54]], "missing_branches": []}, "": {"executed_lines": [], "summary": {"covered_lines": 0, "num_statements": 16, "percent_covered": 0.0, "percent_covered_display": "0", "missing_lines": 16, "excluded_lines": 0, "num_branches": 0, "num_partial_branches": 0, "covered_branches": 0, "missing_branches": 0}, "missing_lines": [3, 5, 6, 7, 8, 11, 14, 18, 21, 24, 25, 26, 27, 29, 35, 39], "excluded_lines": [], "executed_branches": [], "missing_branches": []}}, "classes": {"SignificanceData": {"executed_lines": [15], "summary": {"covered_lines": 1, "num_statements": 1, "percent_covered": 100.0, "percent_covered_display": "100", "missing_lines": 0, "excluded_lines": 0, "num_branches": 0, "num_partial_branches": 0, "covered_branches": 0, "missing_branches": 0}, "missing_lines": [], "excluded_lines": [], "executed_branches": [], "missing_branches": []}, "Significance": {"executed_lines": [30, 31, 32, 33, 37, 41, 42, 43, 45, 46, 47, 52, 54], "summary": {"covered_lines": 13, "num_statements": 13, "percent_covered": 100.0, "percent_covered_display": "100", "missing_lines": 0, "excluded_lines": 0, "num_branches": 2, "num_partial_branches": 0, "covered_branches": 2, "missing_branches": 0}, "missing_lines": [], "excluded_lines": [], "executed_branches": [[46, 47], [46, 54]], "missing_branches": []}, "": {"executed_lines": [], "summary": {"covered_lines": 0, "num_statements": 16, "percent_covered": 0.0, "percent_covered_display": "0", "missing_lines": 16, "excluded_lines": 0, "num_branches": 0, "num_partial_branches": 0, "covered_branches": 0, "missing_branches": 0}, "missing_lines": [3, 5, 6, 7, 8, 11, 14, 18, 21, 24, 25, 26, 27, 29, 35, 39], "excluded_lines": [], "executed_branches": [], "missing_branches": []}}}, "roc/transformable.py": {"executed_lines": [45, 46, 47, 48, 49, 54, 55, 56, 57, 58], "summary": {"covered_lines": 10, "num_statements": 30, "percent_covered": 31.25, "percent_covered_display": "31", "missing_lines": 20, "excluded_lines": 0, "num_branches": 2, "num_partial_branches": 0, "covered_branches": 0, "missing_branches": 2}, "missing_lines": [3, 5, 6, 8, 10, 11, 14, 17, 18, 23, 24, 27, 28, 34, 35, 39, 42, 43, 51, 52], "excluded_lines": [], "executed_branches": [], "missing_branches": [[10, 11], [10, 14]], "functions": {"Transformable.same_transform_type": {"executed_lines": [], "summary": {"covered_lines": 0, "num_statements": 0, "percent_covered": 100.0, "percent_covered_display": "100", "missing_lines": 0, "excluded_lines": 0, "num_branches": 0, "num_partial_branches": 0, "covered_branches": 0, "missing_branches": 0}, "missing_lines": [], "excluded_lines": [], "executed_branches": [], "missing_branches": []}, "Transformable.compatible_transform": {"executed_lines": [], "summary": {"covered_lines": 0, "num_statements": 0, "percent_covered": 100.0, "percent_covered_display": "100", "missing_lines": 0, "excluded_lines": 0, "num_branches": 0, "num_partial_branches": 0, "covered_branches": 0, "missing_branches": 0}, "missing_lines": [], "excluded_lines": [], "executed_branches": [], "missing_branches": []}, "Transformable.create_transform": {"executed_lines": [], "summary": {"covered_lines": 0, "num_statements": 0, "percent_covered": 100.0, "percent_covered_display": "100", "missing_lines": 0, "excluded_lines": 0, "num_branches": 0, "num_partial_branches": 0, "covered_branches": 0, "missing_branches": 0}, "missing_lines": [], "excluded_lines": [], "executed_branches": [], "missing_branches": []}, "Transformable.apply_transform": {"executed_lines": [], "summary": {"covered_lines": 0, "num_statements": 0, "percent_covered": 100.0, "percent_covered_display": "100", "missing_lines": 0, "excluded_lines": 0, "num_branches": 0, "num_partial_branches": 0, "covered_branches": 0, "missing_branches": 0}, "missing_lines": [], "excluded_lines": [], "executed_branches": [], "missing_branches": []}, "Transform.src_frame": {"executed_lines": [45, 46, 47, 48, 49], "summary": {"covered_lines": 5, "num_statements": 5, "percent_covered": 100.0, "percent_covered_display": "100", "missing_lines": 0, "excluded_lines": 0, "num_branches": 0, "num_partial_branches": 0, "covered_branches": 0, "missing_branches": 0}, "missing_lines": [], "excluded_lines": [], "executed_branches": [], "missing_branches": []}, "Transform.dst_frame": {"executed_lines": [54, 55, 56, 57, 58], "summary": {"covered_lines": 5, "num_statements": 5, "percent_covered": 100.0, "percent_covered_display": "100", "missing_lines": 0, "excluded_lines": 0, "num_branches": 0, "num_partial_branches": 0, "covered_branches": 0, "missing_branches": 0}, "missing_lines": [], "excluded_lines": [], "executed_branches": [], "missing_branches": []}, "": {"executed_lines": [], "summary": {"covered_lines": 0, "num_statements": 20, "percent_covered": 0.0, "percent_covered_display": "0", "missing_lines": 20, "excluded_lines": 0, "num_branches": 2, "num_partial_branches": 0, "covered_branches": 0, "missing_branches": 2}, "missing_lines": [3, 5, 6, 8, 10, 11, 14, 17, 18, 23, 24, 27, 28, 34, 35, 39, 42, 43, 51, 52], "excluded_lines": [], "executed_branches": [], "missing_branches": [[10, 11], [10, 14]]}}, "classes": {"Transformable": {"executed_lines": [], "summary": {"covered_lines": 0, "num_statements": 0, "percent_covered": 100.0, "percent_covered_display": "100", "missing_lines": 0, "excluded_lines": 0, "num_branches": 0, "num_partial_branches": 0, "covered_branches": 0, "missing_branches": 0}, "missing_lines": [], "excluded_lines": [], "executed_branches": [], "missing_branches": []}, "Transform": {"executed_lines": [45, 46, 47, 48, 49, 54, 55, 56, 57, 58], "summary": {"covered_lines": 10, "num_statements": 10, "percent_covered": 100.0, "percent_covered_display": "100", "missing_lines": 0, "excluded_lines": 0, "num_branches": 0, "num_partial_branches": 0, "covered_branches": 0, "missing_branches": 0}, "missing_lines": [], "excluded_lines": [], "executed_branches": [], "missing_branches": []}, "": {"executed_lines": [], "summary": {"covered_lines": 0, "num_statements": 20, "percent_covered": 0.0, "percent_covered_display": "0", "missing_lines": 20, "excluded_lines": 0, "num_branches": 2, "num_partial_branches": 0, "covered_branches": 0, "missing_branches": 2}, "missing_lines": [3, 5, 6, 8, 10, 11, 14, 17, 18, 23, 24, 27, 28, 34, 35, 39, 42, 43, 51, 52], "excluded_lines": [], "executed_branches": [], "missing_branches": [[10, 11], [10, 14]]}}}, "roc/transformer.py": {"executed_lines": [41, 42, 43, 44, 48, 53, 56, 57, 58, 59, 60, 61, 62, 63, 66, 69, 74, 75, 76, 77, 79, 80, 82, 83, 84, 85, 87, 88, 91], "summary": {"covered_lines": 29, "num_statements": 50, "percent_covered": 65.0, "percent_covered_display": "65", "missing_lines": 21, "excluded_lines": 0, "num_branches": 10, "num_partial_branches": 0, "covered_branches": 10, "missing_branches": 0}, "missing_lines": [3, 5, 6, 8, 9, 10, 11, 12, 15, 16, 19, 22, 25, 32, 35, 36, 37, 38, 40, 46, 50], "excluded_lines": [], "executed_branches": [[57, 58], [57, 62], [75, 76], [75, 87], [79, 75], [79, 80], [82, 79], [82, 83], [84, 79], [84, 85]], "missing_branches": [], "functions": {"Transformer.__init__": {"executed_lines": [41, 42, 43, 44], "summary": {"covered_lines": 4, "num_statements": 4, "percent_covered": 100.0, "percent_covered_display": "100", "missing_lines": 0, "excluded_lines": 0, "num_branches": 0, "num_partial_branches": 0, "covered_branches": 0, "missing_branches": 0}, "missing_lines": [], "excluded_lines": [], "executed_branches": [], "missing_branches": []}, "Transformer.event_filter": {"executed_lines": [48], "summary": {"covered_lines": 1, "num_statements": 1, "percent_covered": 100.0, "percent_covered_display": "100", "missing_lines": 0, "excluded_lines": 0, "num_branches": 0, "num_partial_branches": 0, "covered_branches": 0, "missing_branches": 0}, "missing_lines": [], "excluded_lines": [], "executed_branches": [], "missing_branches": []}, "Transformer.do_transformer": {"executed_lines": [53, 56, 57, 58, 59, 60, 61, 62, 63, 66, 69, 74, 75, 76, 77, 79, 80, 82, 83, 84, 85, 87, 88, 91], "summary": {"covered_lines": 24, "num_statements": 24, "percent_covered": 100.0, "percent_covered_display": "100", "missing_lines": 0, "excluded_lines": 0, "num_branches": 10, "num_partial_branches": 0, "covered_branches": 10, "missing_branches": 0}, "missing_lines": [], "excluded_lines": [], "executed_branches": [[57, 58], [57, 62], [75, 76], [75, 87], [79, 75], [79, 80], [82, 79], [82, 83], [84, 79], [84, 85]], "missing_branches": []}, "": {"executed_lines": [], "summary": {"covered_lines": 0, "num_statements": 21, "percent_covered": 0.0, "percent_covered_display": "0", "missing_lines": 21, "excluded_lines": 0, "num_branches": 0, "num_partial_branches": 0, "covered_branches": 0, "missing_branches": 0}, "missing_lines": [3, 5, 6, 8, 9, 10, 11, 12, 15, 16, 19, 22, 25, 32, 35, 36, 37, 38, 40, 46, 50], "excluded_lines": [], "executed_branches": [], "missing_branches": []}}, "classes": {"TransformResult": {"executed_lines": [], "summary": {"covered_lines": 0, "num_statements": 0, "percent_covered": 100.0, "percent_covered_display": "100", "missing_lines": 0, "excluded_lines": 0, "num_branches": 0, "num_partial_branches": 0, "covered_branches": 0, "missing_branches": 0}, "missing_lines": [], "excluded_lines": [], "executed_branches": [], "missing_branches": []}, "Change": {"executed_lines": [], "summary": {"covered_lines": 0, "num_statements": 0, "percent_covered": 100.0, "percent_covered_display": "100", "missing_lines": 0, "excluded_lines": 0, "num_branches": 0, "num_partial_branches": 0, "covered_branches": 0, "missing_branches": 0}, "missing_lines": [], "excluded_lines": [], "executed_branches": [], "missing_branches": []}, "Transformer": {"executed_lines": [41, 42, 43, 44, 48, 53, 56, 57, 58, 59, 60, 61, 62, 63, 66, 69, 74, 75, 76, 77, 79, 80, 82, 83, 84, 85, 87, 88, 91], "summary": {"covered_lines": 29, "num_statements": 29, "percent_covered": 100.0, "percent_covered_display": "100", "missing_lines": 0, "excluded_lines": 0, "num_branches": 10, "num_partial_branches": 0, "covered_branches": 10, "missing_branches": 0}, "missing_lines": [], "excluded_lines": [], "executed_branches": [[57, 58], [57, 62], [75, 76], [75, 87], [79, 75], [79, 80], [82, 79], [82, 83], [84, 79], [84, 85]], "missing_branches": []}, "": {"executed_lines": [], "summary": {"covered_lines": 0, "num_statements": 21, "percent_covered": 0.0, "percent_covered_display": "0", "missing_lines": 21, "excluded_lines": 0, "num_branches": 0, "num_partial_branches": 0, "covered_branches": 0, "missing_branches": 0}, "missing_lines": [3, 5, 6, 8, 9, 10, 11, 12, 15, 16, 19, 22, 25, 32, 35, 36, 37, 38, 40, 46, 50], "excluded_lines": [], "executed_branches": [], "missing_branches": []}}}, "roc/utils.py": {"executed_lines": [8], "summary": {"covered_lines": 1, "num_statements": 3, "percent_covered": 33.333333333333336, "percent_covered_display": "33", "missing_lines": 2, "excluded_lines": 0, "num_branches": 0, "num_partial_branches": 0, "covered_branches": 0, "missing_branches": 0}, "missing_lines": [3, 6], "excluded_lines": [], "executed_branches": [], "missing_branches": [], "functions": {"_timestamp_str": {"executed_lines": [8], "summary": {"covered_lines": 1, "num_statements": 1, "percent_covered": 100.0, "percent_covered_display": "100", "missing_lines": 0, "excluded_lines": 0, "num_branches": 0, "num_partial_branches": 0, "covered_branches": 0, "missing_branches": 0}, "missing_lines": [], "excluded_lines": [], "executed_branches": [], "missing_branches": []}, "": {"executed_lines": [], "summary": {"covered_lines": 0, "num_statements": 2, "percent_covered": 0.0, "percent_covered_display": "0", "missing_lines": 2, "excluded_lines": 0, "num_branches": 0, "num_partial_branches": 0, "covered_branches": 0, "missing_branches": 0}, "missing_lines": [3, 6], "excluded_lines": [], "executed_branches": [], "missing_branches": []}}, "classes": {"": {"executed_lines": [8], "summary": {"covered_lines": 1, "num_statements": 3, "percent_covered": 33.333333333333336, "percent_covered_display": "33", "missing_lines": 2, "excluded_lines": 0, "num_branches": 0, "num_partial_branches": 0, "covered_branches": 0, "missing_branches": 0}, "missing_lines": [3, 6], "excluded_lines": [], "executed_branches": [], "missing_branches": []}}}}, "totals": {"covered_lines": 3193, "num_statements": 5158, "percent_covered": 66.58529142508392, "percent_covered_display": "67", "missing_lines": 1965, "excluded_lines": 1, "num_branches": 1396, "num_partial_branches": 127, "covered_branches": 1171, "missing_branches": 225}}